<?xml version="1.0" encoding="UTF-8"?>
<testsuite xmlns:xsi="http://www.w3.org/2001/XMLSchema-instance" xsi:noNamespaceSchemaLocation="https://maven.apache.org/surefire/maven-surefire-plugin/xsd/surefire-test-report-3.0.xsd" version="3.0" name="com.example.PotenciaRecursivaTest" time="0.068" tests="6" errors="1" skipped="0" failures="1">
  <properties>
[...]
</properties>
  <testcase name="testPotenciaCuatro" classname="com.example.PotenciaRecursivaTest" time="0.026">
    <failure message="expected: &lt;81&gt; but was: &lt;1296&gt;" type="org.opentest4j.AssertionFailedError"><![CDATA[org.opentest4j.AssertionFailedError: expected: <81> but was: <1296>
	at org.junit.jupiter.api.AssertionFailureBuilder.build(AssertionFailureBuilder.java:151)
	at org.junit.jupiter.api.AssertionFailureBuilder.buildAndThrow(AssertionFailureBuilder.java:132)
	at org.junit.jupiter.api.AssertEquals.failNotEqual(AssertEquals.java:197)
	at org.junit.jupiter.api.AssertEquals.assertEquals(AssertEquals.java:150)
	at org.junit.jupiter.api.AssertEquals.assertEquals(AssertEquals.java:145)
	at org.junit.jupiter.api.Assertions.assertEquals(Assertions.java:528)
	at com.example.PotenciaRecursivaTest.testPotenciaCuatro(PotenciaRecursivaTest.java:25)
	at java.base/jdk.internal.reflect.DirectMethodHandleAccessor.invoke(DirectMethodHandleAccessor.java:104)
	at java.base/java.lang.reflect.Method.invoke(Method.java:565)
	at org.junit.platform.commons.util.ReflectionUtils.invokeMethod(ReflectionUtils.java:727)
	at org.junit.jupiter.engine.execution.MethodInvocation.proceed(MethodInvocation.java:60)
	at org.junit.jupiter.engine.execution.InvocationInterceptorChain$ValidatingInvocation.proceed(InvocationInterceptorChain.java:131)
	at org.junit.jupiter.engine.extension.TimeoutExtension.intercept(TimeoutExtension.java:156)
	at org.junit.jupiter.engine.extension.TimeoutExtension.interceptTestableMethod(TimeoutExtension.java:147)
	at org.junit.jupiter.engine.extension.TimeoutExtension.interceptTestMethod(TimeoutExtension.java:86)
	at org.junit.jupiter.engine.execution.InterceptingExecutableInvoker$ReflectiveInterceptorCall.lambda$ofVoidMethod$0(InterceptingExecutableInvoker.java:103)
	at org.junit.jupiter.engine.execution.InterceptingExecutableInvoker.lambda$invoke$0(InterceptingExecutableInvoker.java:93)
	at org.junit.jupiter.engine.execution.InvocationInterceptorChain$InterceptedInvocation.proceed(InvocationInterceptorChain.java:106)
	at org.junit.jupiter.engine.execution.InvocationInterceptorChain.proceed(InvocationInterceptorChain.java:64)
	at org.junit.jupiter.engine.execution.InvocationInterceptorChain.chainAndInvoke(InvocationInterceptorChain.java:45)
	at org.junit.jupiter.engine.execution.InvocationInterceptorChain.invoke(InvocationInterceptorChain.java:37)
	at org.junit.jupiter.engine.execution.InterceptingExecutableInvoker.invoke(InterceptingExecutableInvoker.java:92)
	at org.junit.jupiter.engine.execution.InterceptingExecutableInvoker.invoke(InterceptingExecutableInvoker.java:86)
	at org.junit.jupiter.engine.descriptor.TestMethodTestDescriptor.lambda$invokeTestMethod$7(TestMethodTestDescriptor.java:217)
	at org.junit.platform.engine.support.hierarchical.ThrowableCollector.execute(ThrowableCollector.java:73)
	at org.junit.jupiter.engine.descriptor.TestMethodTestDescriptor.invokeTestMethod(TestMethodTestDescriptor.java:213)
	at org.junit.jupiter.engine.descriptor.TestMethodTestDescriptor.execute(TestMethodTestDescriptor.java:138)
	at org.junit.jupiter.engine.descriptor.TestMethodTestDescriptor.execute(TestMethodTestDescriptor.java:68)
	at org.junit.platform.engine.support.hierarchical.NodeTestTask.lambda$executeRecursively$6(NodeTestTask.java:151)
	at org.junit.platform.engine.support.hierarchical.ThrowableCollector.execute(ThrowableCollector.java:73)
	at org.junit.platform.engine.support.hierarchical.NodeTestTask.lambda$executeRecursively$8(NodeTestTask.java:141)
	at org.junit.platform.engine.support.hierarchical.Node.around(Node.java:137)
	at org.junit.platform.engine.support.hierarchical.NodeTestTask.lambda$executeRecursively$9(NodeTestTask.java:139)
	at org.junit.platform.engine.support.hierarchical.ThrowableCollector.execute(ThrowableCollector.java:73)
	at org.junit.platform.engine.support.hierarchical.NodeTestTask.executeRecursively(NodeTestTask.java:138)
	at org.junit.platform.engine.support.hierarchical.NodeTestTask.execute(NodeTestTask.java:95)
	at java.base/java.util.ArrayList.forEach(ArrayList.java:1604)
	at org.junit.platform.engine.support.hierarchical.SameThreadHierarchicalTestExecutorService.invokeAll(SameThreadHierarchicalTestExecutorService.java:41)
	at org.junit.platform.engine.support.hierarchical.NodeTestTask.lambda$executeRecursively$6(NodeTestTask.java:155)
	at org.junit.platform.engine.support.hierarchical.ThrowableCollector.execute(ThrowableCollector.java:73)
	at org.junit.platform.engine.support.hierarchical.NodeTestTask.lambda$executeRecursively$8(NodeTestTask.java:141)
	at org.junit.platform.engine.support.hierarchical.Node.around(Node.java:137)
	at org.junit.platform.engine.support.hierarchical.NodeTestTask.lambda$executeRecursively$9(NodeTestTask.java:139)
	at org.junit.platform.engine.support.hierarchical.ThrowableCollector.execute(ThrowableCollector.java:73)
	at org.junit.platform.engine.support.hierarchical.NodeTestTask.executeRecursively(NodeTestTask.java:138)
	at org.junit.platform.engine.support.hierarchical.NodeTestTask.execute(NodeTestTask.java:95)
	at java.base/java.util.ArrayList.forEach(ArrayList.java:1604)
	at org.junit.platform.engine.support.hierarchical.SameThreadHierarchicalTestExecutorService.invokeAll(SameThreadHierarchicalTestExecutorService.java:41)
	at org.junit.platform.engine.support.hierarchical.NodeTestTask.lambda$executeRecursively$6(NodeTestTask.java:155)
	at org.junit.platform.engine.support.hierarchical.ThrowableCollector.execute(ThrowableCollector.java:73)
	at org.junit.platform.engine.support.hierarchical.NodeTestTask.lambda$executeRecursively$8(NodeTestTask.java:141)
	at org.junit.platform.engine.support.hierarchical.Node.around(Node.java:137)
	at org.junit.platform.engine.support.hierarchical.NodeTestTask.lambda$executeRecursively$9(NodeTestTask.java:139)
	at org.junit.platform.engine.support.hierarchical.ThrowableCollector.execute(ThrowableCollector.java:73)
	at org.junit.platform.engine.support.hierarchical.NodeTestTask.executeRecursively(NodeTestTask.java:138)
	at org.junit.platform.engine.support.hierarchical.NodeTestTask.execute(NodeTestTask.java:95)
	at org.junit.platform.engine.support.hierarchical.SameThreadHierarchicalTestExecutorService.submit(SameThreadHierarchicalTestExecutorService.java:35)
	at org.junit.platform.engine.support.hierarchical.HierarchicalTestExecutor.execute(HierarchicalTestExecutor.java:57)
	at org.junit.platform.engine.support.hierarchical.HierarchicalTestEngine.execute(HierarchicalTestEngine.java:54)
	at org.junit.platform.launcher.core.EngineExecutionOrchestrator.execute(EngineExecutionOrchestrator.java:147)
	at org.junit.platform.launcher.core.EngineExecutionOrchestrator.execute(EngineExecutionOrchestrator.java:127)
	at org.junit.platform.launcher.core.EngineExecutionOrchestrator.execute(EngineExecutionOrchestrator.java:90)
	at org.junit.platform.launcher.core.EngineExecutionOrchestrator.lambda$execute$0(EngineExecutionOrchestrator.java:55)
	at org.junit.platform.launcher.core.EngineExecutionOrchestrator.withInterceptedStreams(EngineExecutionOrchestrator.java:102)
	at org.junit.platform.launcher.core.EngineExecutionOrchestrator.execute(EngineExecutionOrchestrator.java:54)
	at org.junit.platform.launcher.core.DefaultLauncher.execute(DefaultLauncher.java:114)
	at org.junit.platform.launcher.core.DefaultLauncher.execute(DefaultLauncher.java:86)
	at org.junit.platform.launcher.core.DefaultLauncherSession$DelegatingLauncher.execute(DefaultLauncherSession.java:86)
	at org.apache.maven.surefire.junitplatform.LazyLauncher.execute(LazyLauncher.java:56)
	at org.apache.maven.surefire.junitplatform.JUnitPlatformProvider.execute(JUnitPlatformProvider.java:184)
	at org.apache.maven.surefire.junitplatform.JUnitPlatformProvider.invokeAllTests(JUnitPlatformProvider.java:148)
	at org.apache.maven.surefire.junitplatform.JUnitPlatformProvider.invoke(JUnitPlatformProvider.java:122)
	at org.apache.maven.surefire.booter.ForkedBooter.runSuitesInProcess(ForkedBooter.java:385)
	at org.apache.maven.surefire.booter.ForkedBooter.execute(ForkedBooter.java:162)
	at org.apache.maven.surefire.booter.ForkedBooter.run(ForkedBooter.java:507)
	at org.apache.maven.surefire.booter.ForkedBooter.main(ForkedBooter.java:495)
]]></failure>
  </testcase>
  <testcase name="testPotenciaGrande" classname="com.example.PotenciaRecursivaTest" time="0.002"/>
  <testcase name="testPotenciaNegativaBase" classname="com.example.PotenciaRecursivaTest" time="0.001"/>
  <testcase name="testPotenciaExponenteNegativo" classname="com.example.PotenciaRecursivaTest" time="0.002">
    <error type="java.lang.StackOverflowError"><![CDATA[java.lang.StackOverflowError
	at com.example.PotenciaRecursiva.potencia(PotenciaRecursiva.java:6)
	at com.example.PotenciaRecursiva.potencia(PotenciaRecursiva.java:6)
	at com.example.PotenciaRecursiva.potencia(PotenciaRecursiva.java:6)
	at com.example.PotenciaRecursiva.potencia(PotenciaRecursiva.java:6)
	at com.example.PotenciaRecursiva.potencia(PotenciaRecursiva.java:6)
	at com.example.PotenciaRecursiva.potencia(PotenciaRecursiva.java:6)
	at com.example.PotenciaRecursiva.potencia(PotenciaRecursiva.java:6)
	at com.example.PotenciaRecursiva.potencia(PotenciaRecursiva.java:6)
	at com.example.PotenciaRecursiva.potencia(PotenciaRecursiva.java:6)
	at com.example.PotenciaRecursiva.potencia(PotenciaRecursiva.java:6)
	at com.example.PotenciaRecursiva.potencia(PotenciaRecursiva.java:6)
	at com.example.PotenciaRecursiva.potencia(PotenciaRecursiva.java:6)
	at com.example.PotenciaRecursiva.potencia(PotenciaRecursiva.java:6)
	at com.example.PotenciaRecursiva.potencia(PotenciaRecursiva.java:6)
	at com.example.PotenciaRecursiva.potencia(PotenciaRecursiva.java:6)
	at com.example.PotenciaRecursiva.potencia(PotenciaRecursiva.java:6)
	at com.example.PotenciaRecursiva.potencia(PotenciaRecursiva.java:6)
	at com.example.PotenciaRecursiva.potencia(PotenciaRecursiva.java:6)
	at com.example.PotenciaRecursiva.potencia(PotenciaRecursiva.java:6)
	at com.example.PotenciaRecursiva.potencia(PotenciaRecursiva.java:6)
	at com.example.PotenciaRecursiva.potencia(PotenciaRecursiva.java:6)
	at com.example.PotenciaRecursiva.potencia(PotenciaRecursiva.java:6)
	at com.example.PotenciaRecursiva.potencia(PotenciaRecursiva.java:6)
	at com.example.PotenciaRecursiva.potencia(PotenciaRecursiva.java:6)
	at com.example.PotenciaRecursiva.potencia(PotenciaRecursiva.java:6)
	at com.example.PotenciaRecursiva.potencia(PotenciaRecursiva.java:6)
	at com.example.PotenciaRecursiva.potencia(PotenciaRecursiva.java:6)
	at com.example.PotenciaRecursiva.potencia(PotenciaRecursiva.java:6)
	at com.example.PotenciaRecursiva.potencia(PotenciaRecursiva.java:6)
	at com.example.PotenciaRecursiva.potencia(PotenciaRecursiva.java:6)
	at com.example.PotenciaRecursiva.potencia(PotenciaRecursiva.java:6)
	at com.example.PotenciaRecursiva.potencia(PotenciaRecursiva.java:6)
	at com.example.PotenciaRecursiva.potencia(PotenciaRecursiva.java:6)
	at com.example.PotenciaRecursiva.potencia(PotenciaRecursiva.java:6)
	at com.example.PotenciaRecursiva.potencia(PotenciaRecursiva.java:6)
	at com.example.PotenciaRecursiva.potencia(PotenciaRecursiva.java:6)
	at com.example.PotenciaRecursiva.potencia(PotenciaRecursiva.java:6)
	at com.example.PotenciaRecursiva.potencia(PotenciaRecursiva.java:6)
	at com.example.PotenciaRecursiva.potencia(PotenciaRecursiva.java:6)
	at com.example.PotenciaRecursiva.potencia(PotenciaRecursiva.java:6)
	at com.example.PotenciaRecursiva.potencia(PotenciaRecursiva.java:6)
	at com.example.PotenciaRecursiva.potencia(PotenciaRecursiva.java:6)
	at com.example.PotenciaRecursiva.potencia(PotenciaRecursiva.java:6)
	at com.example.PotenciaRecursiva.potencia(PotenciaRecursiva.java:6)
	at com.example.PotenciaRecursiva.potencia(PotenciaRecursiva.java:6)
	at com.example.PotenciaRecursiva.potencia(PotenciaRecursiva.java:6)
	at com.example.PotenciaRecursiva.potencia(PotenciaRecursiva.java:6)
	at com.example.PotenciaRecursiva.potencia(PotenciaRecursiva.java:6)
	at com.example.PotenciaRecursiva.potencia(PotenciaRecursiva.java:6)
	at com.example.PotenciaRecursiva.potencia(PotenciaRecursiva.java:6)
	at com.example.PotenciaRecursiva.potencia(PotenciaRecursiva.java:6)
	at com.example.PotenciaRecursiva.potencia(PotenciaRecursiva.java:6)
	at com.example.PotenciaRecursiva.potencia(PotenciaRecursiva.java:6)
	at com.example.PotenciaRecursiva.potencia(PotenciaRecursiva.java:6)
	at com.example.PotenciaRecursiva.potencia(PotenciaRecursiva.java:6)
	at com.example.PotenciaRecursiva.potencia(PotenciaRecursiva.java:6)
	at com.example.PotenciaRecursiva.potencia(PotenciaRecursiva.java:6)
	at com.example.PotenciaRecursiva.potencia(PotenciaRecursiva.java:6)
	at com.example.PotenciaRecursiva.potencia(PotenciaRecursiva.java:6)
	at com.example.PotenciaRecursiva.potencia(PotenciaRecursiva.java:6)
	at com.example.PotenciaRecursiva.potencia(PotenciaRecursiva.java:6)
	at com.example.PotenciaRecursiva.potencia(PotenciaRecursiva.java:6)
	at com.example.PotenciaRecursiva.potencia(PotenciaRecursiva.java:6)
	at com.example.PotenciaRecursiva.potencia(PotenciaRecursiva.java:6)
	at com.example.PotenciaRecursiva.potencia(PotenciaRecursiva.java:6)
	at com.example.PotenciaRecursiva.potencia(PotenciaRecursiva.java:6)
	at com.example.PotenciaRecursiva.potencia(PotenciaRecursiva.java:6)
	at com.example.PotenciaRecursiva.potencia(PotenciaRecursiva.java:6)
	at com.example.PotenciaRecursiva.potencia(PotenciaRecursiva.java:6)
	at com.example.PotenciaRecursiva.potencia(PotenciaRecursiva.java:6)
	at com.example.PotenciaRecursiva.potencia(PotenciaRecursiva.java:6)
	at com.example.PotenciaRecursiva.potencia(PotenciaRecursiva.java:6)
	at com.example.PotenciaRecursiva.potencia(PotenciaRecursiva.java:6)
	at com.example.PotenciaRecursiva.potencia(PotenciaRecursiva.java:6)
	at com.example.PotenciaRecursiva.potencia(PotenciaRecursiva.java:6)
	at com.example.PotenciaRecursiva.potencia(PotenciaRecursiva.java:6)
	at com.example.PotenciaRecursiva.potencia(PotenciaRecursiva.java:6)
	at com.example.PotenciaRecursiva.potencia(PotenciaRecursiva.java:6)
	at com.example.PotenciaRecursiva.potencia(PotenciaRecursiva.java:6)
	at com.example.PotenciaRecursiva.potencia(PotenciaRecursiva.java:6)
	at com.example.PotenciaRecursiva.potencia(PotenciaRecursiva.java:6)
	at com.example.PotenciaRecursiva.potencia(PotenciaRecursiva.java:6)
	at com.example.PotenciaRecursiva.potencia(PotenciaRecursiva.java:6)
	at com.example.PotenciaRecursiva.potencia(PotenciaRecursiva.java:6)
	at com.example.PotenciaRecursiva.potencia(PotenciaRecursiva.java:6)
	at com.example.PotenciaRecursiva.potencia(PotenciaRecursiva.java:6)
	at com.example.PotenciaRecursiva.potencia(PotenciaRecursiva.java:6)
	at com.example.PotenciaRecursiva.potencia(PotenciaRecursiva.java:6)
	at com.example.PotenciaRecursiva.potencia(PotenciaRecursiva.java:6)
	at com.example.PotenciaRecursiva.potencia(PotenciaRecursiva.java:6)
	at com.example.PotenciaRecursiva.potencia(PotenciaRecursiva.java:6)
	at com.example.PotenciaRecursiva.potencia(PotenciaRecursiva.java:6)
	at com.example.PotenciaRecursiva.potencia(PotenciaRecursiva.java:6)
	at com.example.PotenciaRecursiva.potencia(PotenciaRecursiva.java:6)
	at com.example.PotenciaRecursiva.potencia(PotenciaRecursiva.java:6)
	at com.example.PotenciaRecursiva.potencia(PotenciaRecursiva.java:6)
	at com.example.PotenciaRecursiva.potencia(PotenciaRecursiva.java:6)
	at com.example.PotenciaRecursiva.potencia(PotenciaRecursiva.java:6)
	at com.example.PotenciaRecursiva.potencia(PotenciaRecursiva.java:6)
	at com.example.PotenciaRecursiva.potencia(PotenciaRecursiva.java:6)
	at com.example.PotenciaRecursiva.potencia(PotenciaRecursiva.java:6)
	at com.example.PotenciaRecursiva.potencia(PotenciaRecursiva.java:6)
	at com.example.PotenciaRecursiva.potencia(PotenciaRecursiva.java:6)
	at com.example.PotenciaRecursiva.potencia(PotenciaRecursiva.java:6)
	at com.example.PotenciaRecursiva.potencia(PotenciaRecursiva.java:6)
	at com.example.PotenciaRecursiva.potencia(PotenciaRecursiva.java:6)
	at com.example.PotenciaRecursiva.potencia(PotenciaRecursiva.java:6)
	at com.example.PotenciaRecursiva.potencia(PotenciaRecursiva.java:6)
	at com.example.PotenciaRecursiva.potencia(PotenciaRecursiva.java:6)
	at com.example.PotenciaRecursiva.potencia(PotenciaRecursiva.java:6)
	at com.example.PotenciaRecursiva.potencia(PotenciaRecursiva.java:6)
	at com.example.PotenciaRecursiva.potencia(PotenciaRecursiva.java:6)
	at com.example.PotenciaRecursiva.potencia(PotenciaRecursiva.java:6)
	at com.example.PotenciaRecursiva.potencia(PotenciaRecursiva.java:6)
	at com.example.PotenciaRecursiva.potencia(PotenciaRecursiva.java:6)
	at com.example.PotenciaRecursiva.potencia(PotenciaRecursiva.java:6)
	at com.example.PotenciaRecursiva.potencia(PotenciaRecursiva.java:6)
	at com.example.PotenciaRecursiva.potencia(PotenciaRecursiva.java:6)
	at com.example.PotenciaRecursiva.potencia(PotenciaRecursiva.java:6)
	at com.example.PotenciaRecursiva.potencia(PotenciaRecursiva.java:6)
	at com.example.PotenciaRecursiva.potencia(PotenciaRecursiva.java:6)
	at com.example.PotenciaRecursiva.potencia(PotenciaRecursiva.java:6)
	at com.example.PotenciaRecursiva.potencia(PotenciaRecursiva.java:6)
	at com.example.PotenciaRecursiva.potencia(PotenciaRecursiva.java:6)
	at com.example.PotenciaRecursiva.potencia(PotenciaRecursiva.java:6)
	at com.example.PotenciaRecursiva.potencia(PotenciaRecursiva.java:6)
	at com.example.PotenciaRecursiva.potencia(PotenciaRecursiva.java:6)
	at com.example.PotenciaRecursiva.potencia(PotenciaRecursiva.java:6)
	at com.example.PotenciaRecursiva.potencia(PotenciaRecursiva.java:6)
	at com.example.PotenciaRecursiva.potencia(PotenciaRecursiva.java:6)
	at com.example.PotenciaRecursiva.potencia(PotenciaRecursiva.java:6)
	at com.example.PotenciaRecursiva.potencia(PotenciaRecursiva.java:6)
	at com.example.PotenciaRecursiva.potencia(PotenciaRecursiva.java:6)
	at com.example.PotenciaRecursiva.potencia(PotenciaRecursiva.java:6)
	at com.example.PotenciaRecursiva.potencia(PotenciaRecursiva.java:6)
	at com.example.PotenciaRecursiva.potencia(PotenciaRecursiva.java:6)
	at com.example.PotenciaRecursiva.potencia(PotenciaRecursiva.java:6)
	at com.example.PotenciaRecursiva.potencia(PotenciaRecursiva.java:6)
	at com.example.PotenciaRecursiva.potencia(PotenciaRecursiva.java:6)
	at com.example.PotenciaRecursiva.potencia(PotenciaRecursiva.java:6)
	at com.example.PotenciaRecursiva.potencia(PotenciaRecursiva.java:6)
	at com.example.PotenciaRecursiva.potencia(PotenciaRecursiva.java:6)
	at com.example.PotenciaRecursiva.potencia(PotenciaRecursiva.java:6)
	at com.example.PotenciaRecursiva.potencia(PotenciaRecursiva.java:6)
	at com.example.PotenciaRecursiva.potencia(PotenciaRecursiva.java:6)
	at com.example.PotenciaRecursiva.potencia(PotenciaRecursiva.java:6)
	at com.example.PotenciaRecursiva.potencia(PotenciaRecursiva.java:6)
	at com.example.PotenciaRecursiva.potencia(PotenciaRecursiva.java:6)
	at com.example.PotenciaRecursiva.potencia(PotenciaRecursiva.java:6)
	at com.example.PotenciaRecursiva.potencia(PotenciaRecursiva.java:6)
	at com.example.PotenciaRecursiva.potencia(PotenciaRecursiva.java:6)
	at com.example.PotenciaRecursiva.potencia(PotenciaRecursiva.java:6)
	at com.example.PotenciaRecursiva.potencia(PotenciaRecursiva.java:6)
	at com.example.PotenciaRecursiva.potencia(PotenciaRecursiva.java:6)
	at com.example.PotenciaRecursiva.potencia(PotenciaRecursiva.java:6)
	at com.example.PotenciaRecursiva.potencia(PotenciaRecursiva.java:6)
	at com.example.PotenciaRecursiva.potencia(PotenciaRecursiva.java:6)
	at com.example.PotenciaRecursiva.potencia(PotenciaRecursiva.java:6)
	at com.example.PotenciaRecursiva.potencia(PotenciaRecursiva.java:6)
	at com.example.PotenciaRecursiva.potencia(PotenciaRecursiva.java:6)
	at com.example.PotenciaRecursiva.potencia(PotenciaRecursiva.java:6)
	at com.example.PotenciaRecursiva.potencia(PotenciaRecursiva.java:6)
	at com.example.PotenciaRecursiva.potencia(PotenciaRecursiva.java:6)
	at com.example.PotenciaRecursiva.potencia(PotenciaRecursiva.java:6)
	at com.example.PotenciaRecursiva.potencia(PotenciaRecursiva.java:6)
	at com.example.PotenciaRecursiva.potencia(PotenciaRecursiva.java:6)
	at com.example.PotenciaRecursiva.potencia(PotenciaRecursiva.java:6)
	at com.example.PotenciaRecursiva.potencia(PotenciaRecursiva.java:6)
	at com.example.PotenciaRecursiva.potencia(PotenciaRecursiva.java:6)
	at com.example.PotenciaRecursiva.potencia(PotenciaRecursiva.java:6)
	at com.example.PotenciaRecursiva.potencia(PotenciaRecursiva.java:6)
	at com.example.PotenciaRecursiva.potencia(PotenciaRecursiva.java:6)
	at com.example.PotenciaRecursiva.potencia(PotenciaRecursiva.java:6)
	at com.example.PotenciaRecursiva.potencia(PotenciaRecursiva.java:6)
	at com.example.PotenciaRecursiva.potencia(PotenciaRecursiva.java:6)
	at com.example.PotenciaRecursiva.potencia(PotenciaRecursiva.java:6)
	at com.example.PotenciaRecursiva.potencia(PotenciaRecursiva.java:6)
	at com.example.PotenciaRecursiva.potencia(PotenciaRecursiva.java:6)
	at com.example.PotenciaRecursiva.potencia(PotenciaRecursiva.java:6)
	at com.example.PotenciaRecursiva.potencia(PotenciaRecursiva.java:6)
	at com.example.PotenciaRecursiva.potencia(PotenciaRecursiva.java:6)
	at com.example.PotenciaRecursiva.potencia(PotenciaRecursiva.java:6)
	at com.example.PotenciaRecursiva.potencia(PotenciaRecursiva.java:6)
	at com.example.PotenciaRecursiva.potencia(PotenciaRecursiva.java:6)
	at com.example.PotenciaRecursiva.potencia(PotenciaRecursiva.java:6)
	at com.example.PotenciaRecursiva.potencia(PotenciaRecursiva.java:6)
	at com.example.PotenciaRecursiva.potencia(PotenciaRecursiva.java:6)
	at com.example.PotenciaRecursiva.potencia(PotenciaRecursiva.java:6)
	at com.example.PotenciaRecursiva.potencia(PotenciaRecursiva.java:6)
	at com.example.PotenciaRecursiva.potencia(PotenciaRecursiva.java:6)
	at com.example.PotenciaRecursiva.potencia(PotenciaRecursiva.java:6)
	at com.example.PotenciaRecursiva.potencia(PotenciaRecursiva.java:6)
	at com.example.PotenciaRecursiva.potencia(PotenciaRecursiva.java:6)
	at com.example.PotenciaRecursiva.potencia(PotenciaRecursiva.java:6)
	at com.example.PotenciaRecursiva.potencia(PotenciaRecursiva.java:6)
	at com.example.PotenciaRecursiva.potencia(PotenciaRecursiva.java:6)
	at com.example.PotenciaRecursiva.potencia(PotenciaRecursiva.java:6)
	at com.example.PotenciaRecursiva.potencia(PotenciaRecursiva.java:6)
	at com.example.PotenciaRecursiva.potencia(PotenciaRecursiva.java:6)
	at com.example.PotenciaRecursiva.potencia(PotenciaRecursiva.java:6)
	at com.example.PotenciaRecursiva.potencia(PotenciaRecursiva.java:6)
	at com.example.PotenciaRecursiva.potencia(PotenciaRecursiva.java:6)
	at com.example.PotenciaRecursiva.potencia(PotenciaRecursiva.java:6)
	at com.example.PotenciaRecursiva.potencia(PotenciaRecursiva.java:6)
	at com.example.PotenciaRecursiva.potencia(PotenciaRecursiva.java:6)
	at com.example.PotenciaRecursiva.potencia(PotenciaRecursiva.java:6)
	at com.example.PotenciaRecursiva.potencia(PotenciaRecursiva.java:6)
	at com.example.PotenciaRecursiva.potencia(PotenciaRecursiva.java:6)
	at com.example.PotenciaRecursiva.potencia(PotenciaRecursiva.java:6)
	at com.example.PotenciaRecursiva.potencia(PotenciaRecursiva.java:6)
	at com.example.PotenciaRecursiva.potencia(PotenciaRecursiva.java:6)
	at com.example.PotenciaRecursiva.potencia(PotenciaRecursiva.java:6)
	at com.example.PotenciaRecursiva.potencia(PotenciaRecursiva.java:6)
	at com.example.PotenciaRecursiva.potencia(PotenciaRecursiva.java:6)
	at com.example.PotenciaRecursiva.potencia(PotenciaRecursiva.java:6)
	at com.example.PotenciaRecursiva.potencia(PotenciaRecursiva.java:6)
	at com.example.PotenciaRecursiva.potencia(PotenciaRecursiva.java:6)
	at com.example.PotenciaRecursiva.potencia(PotenciaRecursiva.java:6)
	at com.example.PotenciaRecursiva.potencia(PotenciaRecursiva.java:6)
	at com.example.PotenciaRecursiva.potencia(PotenciaRecursiva.java:6)
	at com.example.PotenciaRecursiva.potencia(PotenciaRecursiva.java:6)
	at com.example.PotenciaRecursiva.potencia(PotenciaRecursiva.java:6)
	at com.example.PotenciaRecursiva.potencia(PotenciaRecursiva.java:6)
	at com.example.PotenciaRecursiva.potencia(PotenciaRecursiva.java:6)
	at com.example.PotenciaRecursiva.potencia(PotenciaRecursiva.java:6)
	at com.example.PotenciaRecursiva.potencia(PotenciaRecursiva.java:6)
	at com.example.PotenciaRecursiva.potencia(PotenciaRecursiva.java:6)
	at com.example.PotenciaRecursiva.potencia(PotenciaRecursiva.java:6)
	at com.example.PotenciaRecursiva.potencia(PotenciaRecursiva.java:6)
	at com.example.PotenciaRecursiva.potencia(PotenciaRecursiva.java:6)
	at com.example.PotenciaRecursiva.potencia(PotenciaRecursiva.java:6)
	at com.example.PotenciaRecursiva.potencia(PotenciaRecursiva.java:6)
	at com.example.PotenciaRecursiva.potencia(PotenciaRecursiva.java:6)
	at com.example.PotenciaRecursiva.potencia(PotenciaRecursiva.java:6)
	at com.example.PotenciaRecursiva.potencia(PotenciaRecursiva.java:6)
	at com.example.PotenciaRecursiva.potencia(PotenciaRecursiva.java:6)
	at com.example.PotenciaRecursiva.potencia(PotenciaRecursiva.java:6)
	at com.example.PotenciaRecursiva.potencia(PotenciaRecursiva.java:6)
	at com.example.PotenciaRecursiva.potencia(PotenciaRecursiva.java:6)
	at com.example.PotenciaRecursiva.potencia(PotenciaRecursiva.java:6)
	at com.example.PotenciaRecursiva.potencia(PotenciaRecursiva.java:6)
	at com.example.PotenciaRecursiva.potencia(PotenciaRecursiva.java:6)
	at com.example.PotenciaRecursiva.potencia(PotenciaRecursiva.java:6)
	at com.example.PotenciaRecursiva.potencia(PotenciaRecursiva.java:6)
	at com.example.PotenciaRecursiva.potencia(PotenciaRecursiva.java:6)
	at com.example.PotenciaRecursiva.potencia(PotenciaRecursiva.java:6)
	at com.example.PotenciaRecursiva.potencia(PotenciaRecursiva.java:6)
	at com.example.PotenciaRecursiva.potencia(PotenciaRecursiva.java:6)
	at com.example.PotenciaRecursiva.potencia(PotenciaRecursiva.java:6)
	at com.example.PotenciaRecursiva.potencia(PotenciaRecursiva.java:6)
	at com.example.PotenciaRecursiva.potencia(PotenciaRecursiva.java:6)
	at com.example.PotenciaRecursiva.potencia(PotenciaRecursiva.java:6)
	at com.example.PotenciaRecursiva.potencia(PotenciaRecursiva.java:6)
	at com.example.PotenciaRecursiva.potencia(PotenciaRecursiva.java:6)
	at com.example.PotenciaRecursiva.potencia(PotenciaRecursiva.java:6)
	at com.example.PotenciaRecursiva.potencia(PotenciaRecursiva.java:6)
	at com.example.PotenciaRecursiva.potencia(PotenciaRecursiva.java:6)
	at com.example.PotenciaRecursiva.potencia(PotenciaRecursiva.java:6)
	at com.example.PotenciaRecursiva.potencia(PotenciaRecursiva.java:6)
	at com.example.PotenciaRecursiva.potencia(PotenciaRecursiva.java:6)
	at com.example.PotenciaRecursiva.potencia(PotenciaRecursiva.java:6)
	at com.example.PotenciaRecursiva.potencia(PotenciaRecursiva.java:6)
	at com.example.PotenciaRecursiva.potencia(PotenciaRecursiva.java:6)
	at com.example.PotenciaRecursiva.potencia(PotenciaRecursiva.java:6)
	at com.example.PotenciaRecursiva.potencia(PotenciaRecursiva.java:6)
	at com.example.PotenciaRecursiva.potencia(PotenciaRecursiva.java:6)
	at com.example.PotenciaRecursiva.potencia(PotenciaRecursiva.java:6)
	at com.example.PotenciaRecursiva.potencia(PotenciaRecursiva.java:6)
	at com.example.PotenciaRecursiva.potencia(PotenciaRecursiva.java:6)
	at com.example.PotenciaRecursiva.potencia(PotenciaRecursiva.java:6)
	at com.example.PotenciaRecursiva.potencia(PotenciaRecursiva.java:6)
	at com.example.PotenciaRecursiva.potencia(PotenciaRecursiva.java:6)
	at com.example.PotenciaRecursiva.potencia(PotenciaRecursiva.java:6)
	at com.example.PotenciaRecursiva.potencia(PotenciaRecursiva.java:6)
	at com.example.PotenciaRecursiva.potencia(PotenciaRecursiva.java:6)
	at com.example.PotenciaRecursiva.potencia(PotenciaRecursiva.java:6)
	at com.example.PotenciaRecursiva.potencia(PotenciaRecursiva.java:6)
	at com.example.PotenciaRecursiva.potencia(PotenciaRecursiva.java:6)
	at com.example.PotenciaRecursiva.potencia(PotenciaRecursiva.java:6)
	at com.example.PotenciaRecursiva.potencia(PotenciaRecursiva.java:6)
	at com.example.PotenciaRecursiva.potencia(PotenciaRecursiva.java:6)
	at com.example.PotenciaRecursiva.potencia(PotenciaRecursiva.java:6)
	at com.example.PotenciaRecursiva.potencia(PotenciaRecursiva.java:6)
	at com.example.PotenciaRecursiva.potencia(PotenciaRecursiva.java:6)
	at com.example.PotenciaRecursiva.potencia(PotenciaRecursiva.java:6)
	at com.example.PotenciaRecursiva.potencia(PotenciaRecursiva.java:6)
	at com.example.PotenciaRecursiva.potencia(PotenciaRecursiva.java:6)
	at com.example.PotenciaRecursiva.potencia(PotenciaRecursiva.java:6)
	at com.example.PotenciaRecursiva.potencia(PotenciaRecursiva.java:6)
	at com.example.PotenciaRecursiva.potencia(PotenciaRecursiva.java:6)
	at com.example.PotenciaRecursiva.potencia(PotenciaRecursiva.java:6)
	at com.example.PotenciaRecursiva.potencia(PotenciaRecursiva.java:6)
	at com.example.PotenciaRecursiva.potencia(PotenciaRecursiva.java:6)
	at com.example.PotenciaRecursiva.potencia(PotenciaRecursiva.java:6)
	at com.example.PotenciaRecursiva.potencia(PotenciaRecursiva.java:6)
	at com.example.PotenciaRecursiva.potencia(PotenciaRecursiva.java:6)
	at com.example.PotenciaRecursiva.potencia(PotenciaRecursiva.java:6)
	at com.example.PotenciaRecursiva.potencia(PotenciaRecursiva.java:6)
	at com.example.PotenciaRecursiva.potencia(PotenciaRecursiva.java:6)
	at com.example.PotenciaRecursiva.potencia(PotenciaRecursiva.java:6)
	at com.example.PotenciaRecursiva.potencia(PotenciaRecursiva.java:6)
	at com.example.PotenciaRecursiva.potencia(PotenciaRecursiva.java:6)
	at com.example.PotenciaRecursiva.potencia(PotenciaRecursiva.java:6)
	at com.example.PotenciaRecursiva.potencia(PotenciaRecursiva.java:6)
	at com.example.PotenciaRecursiva.potencia(PotenciaRecursiva.java:6)
	at com.example.PotenciaRecursiva.potencia(PotenciaRecursiva.java:6)
	at com.example.PotenciaRecursiva.potencia(PotenciaRecursiva.java:6)
	at com.example.PotenciaRecursiva.potencia(PotenciaRecursiva.java:6)
	at com.example.PotenciaRecursiva.potencia(PotenciaRecursiva.java:6)
	at com.example.PotenciaRecursiva.potencia(PotenciaRecursiva.java:6)
	at com.example.PotenciaRecursiva.potencia(PotenciaRecursiva.java:6)
	at com.example.PotenciaRecursiva.potencia(PotenciaRecursiva.java:6)
	at com.example.PotenciaRecursiva.potencia(PotenciaRecursiva.java:6)
	at com.example.PotenciaRecursiva.potencia(PotenciaRecursiva.java:6)
	at com.example.PotenciaRecursiva.potencia(PotenciaRecursiva.java:6)
	at com.example.PotenciaRecursiva.potencia(PotenciaRecursiva.java:6)
	at com.example.PotenciaRecursiva.potencia(PotenciaRecursiva.java:6)
	at com.example.PotenciaRecursiva.potencia(PotenciaRecursiva.java:6)
	at com.example.PotenciaRecursiva.potencia(PotenciaRecursiva.java:6)
	at com.example.PotenciaRecursiva.potencia(PotenciaRecursiva.java:6)
	at com.example.PotenciaRecursiva.potencia(PotenciaRecursiva.java:6)
	at com.example.PotenciaRecursiva.potencia(PotenciaRecursiva.java:6)
	at com.example.PotenciaRecursiva.potencia(PotenciaRecursiva.java:6)
	at com.example.PotenciaRecursiva.potencia(PotenciaRecursiva.java:6)
	at com.example.PotenciaRecursiva.potencia(PotenciaRecursiva.java:6)
	at com.example.PotenciaRecursiva.potencia(PotenciaRecursiva.java:6)
	at com.example.PotenciaRecursiva.potencia(PotenciaRecursiva.java:6)
	at com.example.PotenciaRecursiva.potencia(PotenciaRecursiva.java:6)
	at com.example.PotenciaRecursiva.potencia(PotenciaRecursiva.java:6)
	at com.example.PotenciaRecursiva.potencia(PotenciaRecursiva.java:6)
	at com.example.PotenciaRecursiva.potencia(PotenciaRecursiva.java:6)
	at com.example.PotenciaRecursiva.potencia(PotenciaRecursiva.java:6)
	at com.example.PotenciaRecursiva.potencia(PotenciaRecursiva.java:6)
	at com.example.PotenciaRecursiva.potencia(PotenciaRecursiva.java:6)
	at com.example.PotenciaRecursiva.potencia(PotenciaRecursiva.java:6)
	at com.example.PotenciaRecursiva.potencia(PotenciaRecursiva.java:6)
	at com.example.PotenciaRecursiva.potencia(PotenciaRecursiva.java:6)
	at com.example.PotenciaRecursiva.potencia(PotenciaRecursiva.java:6)
	at com.example.PotenciaRecursiva.potencia(PotenciaRecursiva.java:6)
	at com.example.PotenciaRecursiva.potencia(PotenciaRecursiva.java:6)
	at com.example.PotenciaRecursiva.potencia(PotenciaRecursiva.java:6)
	at com.example.PotenciaRecursiva.potencia(PotenciaRecursiva.java:6)
	at com.example.PotenciaRecursiva.potencia(PotenciaRecursiva.java:6)
	at com.example.PotenciaRecursiva.potencia(PotenciaRecursiva.java:6)
	at com.example.PotenciaRecursiva.potencia(PotenciaRecursiva.java:6)
	at com.example.PotenciaRecursiva.potencia(PotenciaRecursiva.java:6)
	at com.example.PotenciaRecursiva.potencia(PotenciaRecursiva.java:6)
	at com.example.PotenciaRecursiva.potencia(PotenciaRecursiva.java:6)
	at com.example.PotenciaRecursiva.potencia(PotenciaRecursiva.java:6)
	at com.example.PotenciaRecursiva.potencia(PotenciaRecursiva.java:6)
	at com.example.PotenciaRecursiva.potencia(PotenciaRecursiva.java:6)
	at com.example.PotenciaRecursiva.potencia(PotenciaRecursiva.java:6)
	at com.example.PotenciaRecursiva.potencia(PotenciaRecursiva.java:6)
	at com.example.PotenciaRecursiva.potencia(PotenciaRecursiva.java:6)
	at com.example.PotenciaRecursiva.potencia(PotenciaRecursiva.java:6)
	at com.example.PotenciaRecursiva.potencia(PotenciaRecursiva.java:6)
	at com.example.PotenciaRecursiva.potencia(PotenciaRecursiva.java:6)
	at com.example.PotenciaRecursiva.potencia(PotenciaRecursiva.java:6)
	at com.example.PotenciaRecursiva.potencia(PotenciaRecursiva.java:6)
	at com.example.PotenciaRecursiva.potencia(PotenciaRecursiva.java:6)
	at com.example.PotenciaRecursiva.potencia(PotenciaRecursiva.java:6)
	at com.example.PotenciaRecursiva.potencia(PotenciaRecursiva.java:6)
	at com.example.PotenciaRecursiva.potencia(PotenciaRecursiva.java:6)
	at com.example.PotenciaRecursiva.potencia(PotenciaRecursiva.java:6)
	at com.example.PotenciaRecursiva.potencia(PotenciaRecursiva.java:6)
	at com.example.PotenciaRecursiva.potencia(PotenciaRecursiva.java:6)
	at com.example.PotenciaRecursiva.potencia(PotenciaRecursiva.java:6)
	at com.example.PotenciaRecursiva.potencia(PotenciaRecursiva.java:6)
	at com.example.PotenciaRecursiva.potencia(PotenciaRecursiva.java:6)
	at com.example.PotenciaRecursiva.potencia(PotenciaRecursiva.java:6)
	at com.example.PotenciaRecursiva.potencia(PotenciaRecursiva.java:6)
	at com.example.PotenciaRecursiva.potencia(PotenciaRecursiva.java:6)
	at com.example.PotenciaRecursiva.potencia(PotenciaRecursiva.java:6)
	at com.example.PotenciaRecursiva.potencia(PotenciaRecursiva.java:6)
	at com.example.PotenciaRecursiva.potencia(PotenciaRecursiva.java:6)
	at com.example.PotenciaRecursiva.potencia(PotenciaRecursiva.java:6)
	at com.example.PotenciaRecursiva.potencia(PotenciaRecursiva.java:6)
	at com.example.PotenciaRecursiva.potencia(PotenciaRecursiva.java:6)
	at com.example.PotenciaRecursiva.potencia(PotenciaRecursiva.java:6)
	at com.example.PotenciaRecursiva.potencia(PotenciaRecursiva.java:6)
	at com.example.PotenciaRecursiva.potencia(PotenciaRecursiva.java:6)
	at com.example.PotenciaRecursiva.potencia(PotenciaRecursiva.java:6)
	at com.example.PotenciaRecursiva.potencia(PotenciaRecursiva.java:6)
	at com.example.PotenciaRecursiva.potencia(PotenciaRecursiva.java:6)
	at com.example.PotenciaRecursiva.potencia(PotenciaRecursiva.java:6)
	at com.example.PotenciaRecursiva.potencia(PotenciaRecursiva.java:6)
	at com.example.PotenciaRecursiva.potencia(PotenciaRecursiva.java:6)
	at com.example.PotenciaRecursiva.potencia(PotenciaRecursiva.java:6)
	at com.example.PotenciaRecursiva.potencia(PotenciaRecursiva.java:6)
	at com.example.PotenciaRecursiva.potencia(PotenciaRecursiva.java:6)
	at com.example.PotenciaRecursiva.potencia(PotenciaRecursiva.java:6)
	at com.example.PotenciaRecursiva.potencia(PotenciaRecursiva.java:6)
	at com.example.PotenciaRecursiva.potencia(PotenciaRecursiva.java:6)
	at com.example.PotenciaRecursiva.potencia(PotenciaRecursiva.java:6)
	at com.example.PotenciaRecursiva.potencia(PotenciaRecursiva.java:6)
	at com.example.PotenciaRecursiva.potencia(PotenciaRecursiva.java:6)
	at com.example.PotenciaRecursiva.potencia(PotenciaRecursiva.java:6)
	at com.example.PotenciaRecursiva.potencia(PotenciaRecursiva.java:6)
	at com.example.PotenciaRecursiva.potencia(PotenciaRecursiva.java:6)
	at com.example.PotenciaRecursiva.potencia(PotenciaRecursiva.java:6)
	at com.example.PotenciaRecursiva.potencia(PotenciaRecursiva.java:6)
	at com.example.PotenciaRecursiva.potencia(PotenciaRecursiva.java:6)
	at com.example.PotenciaRecursiva.potencia(PotenciaRecursiva.java:6)
	at com.example.PotenciaRecursiva.potencia(PotenciaRecursiva.java:6)
	at com.example.PotenciaRecursiva.potencia(PotenciaRecursiva.java:6)
	at com.example.PotenciaRecursiva.potencia(PotenciaRecursiva.java:6)
	at com.example.PotenciaRecursiva.potencia(PotenciaRecursiva.java:6)
	at com.example.PotenciaRecursiva.potencia(PotenciaRecursiva.java:6)
	at com.example.PotenciaRecursiva.potencia(PotenciaRecursiva.java:6)
	at com.example.PotenciaRecursiva.potencia(PotenciaRecursiva.java:6)
	at com.example.PotenciaRecursiva.potencia(PotenciaRecursiva.java:6)
	at com.example.PotenciaRecursiva.potencia(PotenciaRecursiva.java:6)
	at com.example.PotenciaRecursiva.potencia(PotenciaRecursiva.java:6)
	at com.example.PotenciaRecursiva.potencia(PotenciaRecursiva.java:6)
	at com.example.PotenciaRecursiva.potencia(PotenciaRecursiva.java:6)
	at com.example.PotenciaRecursiva.potencia(PotenciaRecursiva.java:6)
	at com.example.PotenciaRecursiva.potencia(PotenciaRecursiva.java:6)
	at com.example.PotenciaRecursiva.potencia(PotenciaRecursiva.java:6)
	at com.example.PotenciaRecursiva.potencia(PotenciaRecursiva.java:6)
	at com.example.PotenciaRecursiva.potencia(PotenciaRecursiva.java:6)
	at com.example.PotenciaRecursiva.potencia(PotenciaRecursiva.java:6)
	at com.example.PotenciaRecursiva.potencia(PotenciaRecursiva.java:6)
	at com.example.PotenciaRecursiva.potencia(PotenciaRecursiva.java:6)
	at com.example.PotenciaRecursiva.potencia(PotenciaRecursiva.java:6)
	at com.example.PotenciaRecursiva.potencia(PotenciaRecursiva.java:6)
	at com.example.PotenciaRecursiva.potencia(PotenciaRecursiva.java:6)
	at com.example.PotenciaRecursiva.potencia(PotenciaRecursiva.java:6)
	at com.example.PotenciaRecursiva.potencia(PotenciaRecursiva.java:6)
	at com.example.PotenciaRecursiva.potencia(PotenciaRecursiva.java:6)
	at com.example.PotenciaRecursiva.potencia(PotenciaRecursiva.java:6)
	at com.example.PotenciaRecursiva.potencia(PotenciaRecursiva.java:6)
	at com.example.PotenciaRecursiva.potencia(PotenciaRecursiva.java:6)
	at com.example.PotenciaRecursiva.potencia(PotenciaRecursiva.java:6)
	at com.example.PotenciaRecursiva.potencia(PotenciaRecursiva.java:6)
	at com.example.PotenciaRecursiva.potencia(PotenciaRecursiva.java:6)
	at com.example.PotenciaRecursiva.potencia(PotenciaRecursiva.java:6)
	at com.example.PotenciaRecursiva.potencia(PotenciaRecursiva.java:6)
	at com.example.PotenciaRecursiva.potencia(PotenciaRecursiva.java:6)
	at com.example.PotenciaRecursiva.potencia(PotenciaRecursiva.java:6)
	at com.example.PotenciaRecursiva.potencia(PotenciaRecursiva.java:6)
	at com.example.PotenciaRecursiva.potencia(PotenciaRecursiva.java:6)
	at com.example.PotenciaRecursiva.potencia(PotenciaRecursiva.java:6)
	at com.example.PotenciaRecursiva.potencia(PotenciaRecursiva.java:6)
	at com.example.PotenciaRecursiva.potencia(PotenciaRecursiva.java:6)
	at com.example.PotenciaRecursiva.potencia(PotenciaRecursiva.java:6)
	at com.example.PotenciaRecursiva.potencia(PotenciaRecursiva.java:6)
	at com.example.PotenciaRecursiva.potencia(PotenciaRecursiva.java:6)
	at com.example.PotenciaRecursiva.potencia(PotenciaRecursiva.java:6)
	at com.example.PotenciaRecursiva.potencia(PotenciaRecursiva.java:6)
	at com.example.PotenciaRecursiva.potencia(PotenciaRecursiva.java:6)
	at com.example.PotenciaRecursiva.potencia(PotenciaRecursiva.java:6)
	at com.example.PotenciaRecursiva.potencia(PotenciaRecursiva.java:6)
	at com.example.PotenciaRecursiva.potencia(PotenciaRecursiva.java:6)
	at com.example.PotenciaRecursiva.potencia(PotenciaRecursiva.java:6)
	at com.example.PotenciaRecursiva.potencia(PotenciaRecursiva.java:6)
	at com.example.PotenciaRecursiva.potencia(PotenciaRecursiva.java:6)
	at com.example.PotenciaRecursiva.potencia(PotenciaRecursiva.java:6)
	at com.example.PotenciaRecursiva.potencia(PotenciaRecursiva.java:6)
	at com.example.PotenciaRecursiva.potencia(PotenciaRecursiva.java:6)
	at com.example.PotenciaRecursiva.potencia(PotenciaRecursiva.java:6)
	at com.example.PotenciaRecursiva.potencia(PotenciaRecursiva.java:6)
	at com.example.PotenciaRecursiva.potencia(PotenciaRecursiva.java:6)
	at com.example.PotenciaRecursiva.potencia(PotenciaRecursiva.java:6)
	at com.example.PotenciaRecursiva.potencia(PotenciaRecursiva.java:6)
	at com.example.PotenciaRecursiva.potencia(PotenciaRecursiva.java:6)
	at com.example.PotenciaRecursiva.potencia(PotenciaRecursiva.java:6)
	at com.example.PotenciaRecursiva.potencia(PotenciaRecursiva.java:6)
	at com.example.PotenciaRecursiva.potencia(PotenciaRecursiva.java:6)
	at com.example.PotenciaRecursiva.potencia(PotenciaRecursiva.java:6)
	at com.example.PotenciaRecursiva.potencia(PotenciaRecursiva.java:6)
	at com.example.PotenciaRecursiva.potencia(PotenciaRecursiva.java:6)
	at com.example.PotenciaRecursiva.potencia(PotenciaRecursiva.java:6)
	at com.example.PotenciaRecursiva.potencia(PotenciaRecursiva.java:6)
	at com.example.PotenciaRecursiva.potencia(PotenciaRecursiva.java:6)
	at com.example.PotenciaRecursiva.potencia(PotenciaRecursiva.java:6)
	at com.example.PotenciaRecursiva.potencia(PotenciaRecursiva.java:6)
	at com.example.PotenciaRecursiva.potencia(PotenciaRecursiva.java:6)
	at com.example.PotenciaRecursiva.potencia(PotenciaRecursiva.java:6)
	at com.example.PotenciaRecursiva.potencia(PotenciaRecursiva.java:6)
	at com.example.PotenciaRecursiva.potencia(PotenciaRecursiva.java:6)
	at com.example.PotenciaRecursiva.potencia(PotenciaRecursiva.java:6)
	at com.example.PotenciaRecursiva.potencia(PotenciaRecursiva.java:6)
	at com.example.PotenciaRecursiva.potencia(PotenciaRecursiva.java:6)
	at com.example.PotenciaRecursiva.potencia(PotenciaRecursiva.java:6)
	at com.example.PotenciaRecursiva.potencia(PotenciaRecursiva.java:6)
	at com.example.PotenciaRecursiva.potencia(PotenciaRecursiva.java:6)
	at com.example.PotenciaRecursiva.potencia(PotenciaRecursiva.java:6)
	at com.example.PotenciaRecursiva.potencia(PotenciaRecursiva.java:6)
	at com.example.PotenciaRecursiva.potencia(PotenciaRecursiva.java:6)
	at com.example.PotenciaRecursiva.potencia(PotenciaRecursiva.java:6)
	at com.example.PotenciaRecursiva.potencia(PotenciaRecursiva.java:6)
	at com.example.PotenciaRecursiva.potencia(PotenciaRecursiva.java:6)
	at com.example.PotenciaRecursiva.potencia(PotenciaRecursiva.java:6)
	at com.example.PotenciaRecursiva.potencia(PotenciaRecursiva.java:6)
	at com.example.PotenciaRecursiva.potencia(PotenciaRecursiva.java:6)
	at com.example.PotenciaRecursiva.potencia(PotenciaRecursiva.java:6)
	at com.example.PotenciaRecursiva.potencia(PotenciaRecursiva.java:6)
	at com.example.PotenciaRecursiva.potencia(PotenciaRecursiva.java:6)
	at com.example.PotenciaRecursiva.potencia(PotenciaRecursiva.java:6)
	at com.example.PotenciaRecursiva.potencia(PotenciaRecursiva.java:6)
	at com.example.PotenciaRecursiva.potencia(PotenciaRecursiva.java:6)
	at com.example.PotenciaRecursiva.potencia(PotenciaRecursiva.java:6)
	at com.example.PotenciaRecursiva.potencia(PotenciaRecursiva.java:6)
	at com.example.PotenciaRecursiva.potencia(PotenciaRecursiva.java:6)
	at com.example.PotenciaRecursiva.potencia(PotenciaRecursiva.java:6)
	at com.example.PotenciaRecursiva.potencia(PotenciaRecursiva.java:6)
	at com.example.PotenciaRecursiva.potencia(PotenciaRecursiva.java:6)
	at com.example.PotenciaRecursiva.potencia(PotenciaRecursiva.java:6)
	at com.example.PotenciaRecursiva.potencia(PotenciaRecursiva.java:6)
	at com.example.PotenciaRecursiva.potencia(PotenciaRecursiva.java:6)
	at com.example.PotenciaRecursiva.potencia(PotenciaRecursiva.java:6)
	at com.example.PotenciaRecursiva.potencia(PotenciaRecursiva.java:6)
	at com.example.PotenciaRecursiva.potencia(PotenciaRecursiva.java:6)
	at com.example.PotenciaRecursiva.potencia(PotenciaRecursiva.java:6)
	at com.example.PotenciaRecursiva.potencia(PotenciaRecursiva.java:6)
	at com.example.PotenciaRecursiva.potencia(PotenciaRecursiva.java:6)
	at com.example.PotenciaRecursiva.potencia(PotenciaRecursiva.java:6)
	at com.example.PotenciaRecursiva.potencia(PotenciaRecursiva.java:6)
	at com.example.PotenciaRecursiva.potencia(PotenciaRecursiva.java:6)
	at com.example.PotenciaRecursiva.potencia(PotenciaRecursiva.java:6)
	at com.example.PotenciaRecursiva.potencia(PotenciaRecursiva.java:6)
	at com.example.PotenciaRecursiva.potencia(PotenciaRecursiva.java:6)
	at com.example.PotenciaRecursiva.potencia(PotenciaRecursiva.java:6)
	at com.example.PotenciaRecursiva.potencia(PotenciaRecursiva.java:6)
	at com.example.PotenciaRecursiva.potencia(PotenciaRecursiva.java:6)
	at com.example.PotenciaRecursiva.potencia(PotenciaRecursiva.java:6)
	at com.example.PotenciaRecursiva.potencia(PotenciaRecursiva.java:6)
	at com.example.PotenciaRecursiva.potencia(PotenciaRecursiva.java:6)
	at com.example.PotenciaRecursiva.potencia(PotenciaRecursiva.java:6)
	at com.example.PotenciaRecursiva.potencia(PotenciaRecursiva.java:6)
	at com.example.PotenciaRecursiva.potencia(PotenciaRecursiva.java:6)
	at com.example.PotenciaRecursiva.potencia(PotenciaRecursiva.java:6)
	at com.example.PotenciaRecursiva.potencia(PotenciaRecursiva.java:6)
	at com.example.PotenciaRecursiva.potencia(PotenciaRecursiva.java:6)
	at com.example.PotenciaRecursiva.potencia(PotenciaRecursiva.java:6)
	at com.example.PotenciaRecursiva.potencia(PotenciaRecursiva.java:6)
	at com.example.PotenciaRecursiva.potencia(PotenciaRecursiva.java:6)
	at com.example.PotenciaRecursiva.potencia(PotenciaRecursiva.java:6)
	at com.example.PotenciaRecursiva.potencia(PotenciaRecursiva.java:6)
	at com.example.PotenciaRecursiva.potencia(PotenciaRecursiva.java:6)
	at com.example.PotenciaRecursiva.potencia(PotenciaRecursiva.java:6)
	at com.example.PotenciaRecursiva.potencia(PotenciaRecursiva.java:6)
	at com.example.PotenciaRecursiva.potencia(PotenciaRecursiva.java:6)
	at com.example.PotenciaRecursiva.potencia(PotenciaRecursiva.java:6)
	at com.example.PotenciaRecursiva.potencia(PotenciaRecursiva.java:6)
	at com.example.PotenciaRecursiva.potencia(PotenciaRecursiva.java:6)
	at com.example.PotenciaRecursiva.potencia(PotenciaRecursiva.java:6)
	at com.example.PotenciaRecursiva.potencia(PotenciaRecursiva.java:6)
	at com.example.PotenciaRecursiva.potencia(PotenciaRecursiva.java:6)
	at com.example.PotenciaRecursiva.potencia(PotenciaRecursiva.java:6)
	at com.example.PotenciaRecursiva.potencia(PotenciaRecursiva.java:6)
	at com.example.PotenciaRecursiva.potencia(PotenciaRecursiva.java:6)
	at com.example.PotenciaRecursiva.potencia(PotenciaRecursiva.java:6)
	at com.example.PotenciaRecursiva.potencia(PotenciaRecursiva.java:6)
	at com.example.PotenciaRecursiva.potencia(PotenciaRecursiva.java:6)
	at com.example.PotenciaRecursiva.potencia(PotenciaRecursiva.java:6)
	at com.example.PotenciaRecursiva.potencia(PotenciaRecursiva.java:6)
	at com.example.PotenciaRecursiva.potencia(PotenciaRecursiva.java:6)
	at com.example.PotenciaRecursiva.potencia(PotenciaRecursiva.java:6)
	at com.example.PotenciaRecursiva.potencia(PotenciaRecursiva.java:6)
	at com.example.PotenciaRecursiva.potencia(PotenciaRecursiva.java:6)
	at com.example.PotenciaRecursiva.potencia(PotenciaRecursiva.java:6)
	at com.example.PotenciaRecursiva.potencia(PotenciaRecursiva.java:6)
	at com.example.PotenciaRecursiva.potencia(PotenciaRecursiva.java:6)
	at com.example.PotenciaRecursiva.potencia(PotenciaRecursiva.java:6)
	at com.example.PotenciaRecursiva.potencia(PotenciaRecursiva.java:6)
	at com.example.PotenciaRecursiva.potencia(PotenciaRecursiva.java:6)
	at com.example.PotenciaRecursiva.potencia(PotenciaRecursiva.java:6)
	at com.example.PotenciaRecursiva.potencia(PotenciaRecursiva.java:6)
	at com.example.PotenciaRecursiva.potencia(PotenciaRecursiva.java:6)
	at com.example.PotenciaRecursiva.potencia(PotenciaRecursiva.java:6)
	at com.example.PotenciaRecursiva.potencia(PotenciaRecursiva.java:6)
	at com.example.PotenciaRecursiva.potencia(PotenciaRecursiva.java:6)
	at com.example.PotenciaRecursiva.potencia(PotenciaRecursiva.java:6)
	at com.example.PotenciaRecursiva.potencia(PotenciaRecursiva.java:6)
	at com.example.PotenciaRecursiva.potencia(PotenciaRecursiva.java:6)
	at com.example.PotenciaRecursiva.potencia(PotenciaRecursiva.java:6)
	at com.example.PotenciaRecursiva.potencia(PotenciaRecursiva.java:6)
	at com.example.PotenciaRecursiva.potencia(PotenciaRecursiva.java:6)
	at com.example.PotenciaRecursiva.potencia(PotenciaRecursiva.java:6)
	at com.example.PotenciaRecursiva.potencia(PotenciaRecursiva.java:6)
	at com.example.PotenciaRecursiva.potencia(PotenciaRecursiva.java:6)
	at com.example.PotenciaRecursiva.potencia(PotenciaRecursiva.java:6)
	at com.example.PotenciaRecursiva.potencia(PotenciaRecursiva.java:6)
	at com.example.PotenciaRecursiva.potencia(PotenciaRecursiva.java:6)
	at com.example.PotenciaRecursiva.potencia(PotenciaRecursiva.java:6)
	at com.example.PotenciaRecursiva.potencia(PotenciaRecursiva.java:6)
	at com.example.PotenciaRecursiva.potencia(PotenciaRecursiva.java:6)
	at com.example.PotenciaRecursiva.potencia(PotenciaRecursiva.java:6)
	at com.example.PotenciaRecursiva.potencia(PotenciaRecursiva.java:6)
	at com.example.PotenciaRecursiva.potencia(PotenciaRecursiva.java:6)
	at com.example.PotenciaRecursiva.potencia(PotenciaRecursiva.java:6)
	at com.example.PotenciaRecursiva.potencia(PotenciaRecursiva.java:6)
	at com.example.PotenciaRecursiva.potencia(PotenciaRecursiva.java:6)
	at com.example.PotenciaRecursiva.potencia(PotenciaRecursiva.java:6)
	at com.example.PotenciaRecursiva.potencia(PotenciaRecursiva.java:6)
	at com.example.PotenciaRecursiva.potencia(PotenciaRecursiva.java:6)
	at com.example.PotenciaRecursiva.potencia(PotenciaRecursiva.java:6)
	at com.example.PotenciaRecursiva.potencia(PotenciaRecursiva.java:6)
	at com.example.PotenciaRecursiva.potencia(PotenciaRecursiva.java:6)
	at com.example.PotenciaRecursiva.potencia(PotenciaRecursiva.java:6)
	at com.example.PotenciaRecursiva.potencia(PotenciaRecursiva.java:6)
	at com.example.PotenciaRecursiva.potencia(PotenciaRecursiva.java:6)
	at com.example.PotenciaRecursiva.potencia(PotenciaRecursiva.java:6)
	at com.example.PotenciaRecursiva.potencia(PotenciaRecursiva.java:6)
	at com.example.PotenciaRecursiva.potencia(PotenciaRecursiva.java:6)
	at com.example.PotenciaRecursiva.potencia(PotenciaRecursiva.java:6)
	at com.example.PotenciaRecursiva.potencia(PotenciaRecursiva.java:6)
	at com.example.PotenciaRecursiva.potencia(PotenciaRecursiva.java:6)
	at com.example.PotenciaRecursiva.potencia(PotenciaRecursiva.java:6)
	at com.example.PotenciaRecursiva.potencia(PotenciaRecursiva.java:6)
	at com.example.PotenciaRecursiva.potencia(PotenciaRecursiva.java:6)
	at com.example.PotenciaRecursiva.potencia(PotenciaRecursiva.java:6)
	at com.example.PotenciaRecursiva.potencia(PotenciaRecursiva.java:6)
	at com.example.PotenciaRecursiva.potencia(PotenciaRecursiva.java:6)
	at com.example.PotenciaRecursiva.potencia(PotenciaRecursiva.java:6)
	at com.example.PotenciaRecursiva.potencia(PotenciaRecursiva.java:6)
	at com.example.PotenciaRecursiva.potencia(PotenciaRecursiva.java:6)
	at com.example.PotenciaRecursiva.potencia(PotenciaRecursiva.java:6)
	at com.example.PotenciaRecursiva.potencia(PotenciaRecursiva.java:6)
	at com.example.PotenciaRecursiva.potencia(PotenciaRecursiva.java:6)
	at com.example.PotenciaRecursiva.potencia(PotenciaRecursiva.java:6)
	at com.example.PotenciaRecursiva.potencia(PotenciaRecursiva.java:6)
	at com.example.PotenciaRecursiva.potencia(PotenciaRecursiva.java:6)
	at com.example.PotenciaRecursiva.potencia(PotenciaRecursiva.java:6)
	at com.example.PotenciaRecursiva.potencia(PotenciaRecursiva.java:6)
	at com.example.PotenciaRecursiva.potencia(PotenciaRecursiva.java:6)
	at com.example.PotenciaRecursiva.potencia(PotenciaRecursiva.java:6)
	at com.example.PotenciaRecursiva.potencia(PotenciaRecursiva.java:6)
	at com.example.PotenciaRecursiva.potencia(PotenciaRecursiva.java:6)
	at com.example.PotenciaRecursiva.potencia(PotenciaRecursiva.java:6)
	at com.example.PotenciaRecursiva.potencia(PotenciaRecursiva.java:6)
	at com.example.PotenciaRecursiva.potencia(PotenciaRecursiva.java:6)
	at com.example.PotenciaRecursiva.potencia(PotenciaRecursiva.java:6)
	at com.example.PotenciaRecursiva.potencia(PotenciaRecursiva.java:6)
	at com.example.PotenciaRecursiva.potencia(PotenciaRecursiva.java:6)
	at com.example.PotenciaRecursiva.potencia(PotenciaRecursiva.java:6)
	at com.example.PotenciaRecursiva.potencia(PotenciaRecursiva.java:6)
	at com.example.PotenciaRecursiva.potencia(PotenciaRecursiva.java:6)
	at com.example.PotenciaRecursiva.potencia(PotenciaRecursiva.java:6)
	at com.example.PotenciaRecursiva.potencia(PotenciaRecursiva.java:6)
	at com.example.PotenciaRecursiva.potencia(PotenciaRecursiva.java:6)
	at com.example.PotenciaRecursiva.potencia(PotenciaRecursiva.java:6)
	at com.example.PotenciaRecursiva.potencia(PotenciaRecursiva.java:6)
	at com.example.PotenciaRecursiva.potencia(PotenciaRecursiva.java:6)
	at com.example.PotenciaRecursiva.potencia(PotenciaRecursiva.java:6)
	at com.example.PotenciaRecursiva.potencia(PotenciaRecursiva.java:6)
	at com.example.PotenciaRecursiva.potencia(PotenciaRecursiva.java:6)
	at com.example.PotenciaRecursiva.potencia(PotenciaRecursiva.java:6)
	at com.example.PotenciaRecursiva.potencia(PotenciaRecursiva.java:6)
	at com.example.PotenciaRecursiva.potencia(PotenciaRecursiva.java:6)
	at com.example.PotenciaRecursiva.potencia(PotenciaRecursiva.java:6)
	at com.example.PotenciaRecursiva.potencia(PotenciaRecursiva.java:6)
	at com.example.PotenciaRecursiva.potencia(PotenciaRecursiva.java:6)
	at com.example.PotenciaRecursiva.potencia(PotenciaRecursiva.java:6)
	at com.example.PotenciaRecursiva.potencia(PotenciaRecursiva.java:6)
	at com.example.PotenciaRecursiva.potencia(PotenciaRecursiva.java:6)
	at com.example.PotenciaRecursiva.potencia(PotenciaRecursiva.java:6)
	at com.example.PotenciaRecursiva.potencia(PotenciaRecursiva.java:6)
	at com.example.PotenciaRecursiva.potencia(PotenciaRecursiva.java:6)
	at com.example.PotenciaRecursiva.potencia(PotenciaRecursiva.java:6)
	at com.example.PotenciaRecursiva.potencia(PotenciaRecursiva.java:6)
	at com.example.PotenciaRecursiva.potencia(PotenciaRecursiva.java:6)
	at com.example.PotenciaRecursiva.potencia(PotenciaRecursiva.java:6)
	at com.example.PotenciaRecursiva.potencia(PotenciaRecursiva.java:6)
	at com.example.PotenciaRecursiva.potencia(PotenciaRecursiva.java:6)
	at com.example.PotenciaRecursiva.potencia(PotenciaRecursiva.java:6)
	at com.example.PotenciaRecursiva.potencia(PotenciaRecursiva.java:6)
	at com.example.PotenciaRecursiva.potencia(PotenciaRecursiva.java:6)
	at com.example.PotenciaRecursiva.potencia(PotenciaRecursiva.java:6)
	at com.example.PotenciaRecursiva.potencia(PotenciaRecursiva.java:6)
	at com.example.PotenciaRecursiva.potencia(PotenciaRecursiva.java:6)
	at com.example.PotenciaRecursiva.potencia(PotenciaRecursiva.java:6)
	at com.example.PotenciaRecursiva.potencia(PotenciaRecursiva.java:6)
	at com.example.PotenciaRecursiva.potencia(PotenciaRecursiva.java:6)
	at com.example.PotenciaRecursiva.potencia(PotenciaRecursiva.java:6)
	at com.example.PotenciaRecursiva.potencia(PotenciaRecursiva.java:6)
	at com.example.PotenciaRecursiva.potencia(PotenciaRecursiva.java:6)
	at com.example.PotenciaRecursiva.potencia(PotenciaRecursiva.java:6)
	at com.example.PotenciaRecursiva.potencia(PotenciaRecursiva.java:6)
	at com.example.PotenciaRecursiva.potencia(PotenciaRecursiva.java:6)
	at com.example.PotenciaRecursiva.potencia(PotenciaRecursiva.java:6)
	at com.example.PotenciaRecursiva.potencia(PotenciaRecursiva.java:6)
	at com.example.PotenciaRecursiva.potencia(PotenciaRecursiva.java:6)
	at com.example.PotenciaRecursiva.potencia(PotenciaRecursiva.java:6)
	at com.example.PotenciaRecursiva.potencia(PotenciaRecursiva.java:6)
	at com.example.PotenciaRecursiva.potencia(PotenciaRecursiva.java:6)
	at com.example.PotenciaRecursiva.potencia(PotenciaRecursiva.java:6)
	at com.example.PotenciaRecursiva.potencia(PotenciaRecursiva.java:6)
	at com.example.PotenciaRecursiva.potencia(PotenciaRecursiva.java:6)
	at com.example.PotenciaRecursiva.potencia(PotenciaRecursiva.java:6)
	at com.example.PotenciaRecursiva.potencia(PotenciaRecursiva.java:6)
	at com.example.PotenciaRecursiva.potencia(PotenciaRecursiva.java:6)
	at com.example.PotenciaRecursiva.potencia(PotenciaRecursiva.java:6)
	at com.example.PotenciaRecursiva.potencia(PotenciaRecursiva.java:6)
	at com.example.PotenciaRecursiva.potencia(PotenciaRecursiva.java:6)
	at com.example.PotenciaRecursiva.potencia(PotenciaRecursiva.java:6)
	at com.example.PotenciaRecursiva.potencia(PotenciaRecursiva.java:6)
	at com.example.PotenciaRecursiva.potencia(PotenciaRecursiva.java:6)
	at com.example.PotenciaRecursiva.potencia(PotenciaRecursiva.java:6)
	at com.example.PotenciaRecursiva.potencia(PotenciaRecursiva.java:6)
	at com.example.PotenciaRecursiva.potencia(PotenciaRecursiva.java:6)
	at com.example.PotenciaRecursiva.potencia(PotenciaRecursiva.java:6)
	at com.example.PotenciaRecursiva.potencia(PotenciaRecursiva.java:6)
	at com.example.PotenciaRecursiva.potencia(PotenciaRecursiva.java:6)
	at com.example.PotenciaRecursiva.potencia(PotenciaRecursiva.java:6)
	at com.example.PotenciaRecursiva.potencia(PotenciaRecursiva.java:6)
	at com.example.PotenciaRecursiva.potencia(PotenciaRecursiva.java:6)
	at com.example.PotenciaRecursiva.potencia(PotenciaRecursiva.java:6)
	at com.example.PotenciaRecursiva.potencia(PotenciaRecursiva.java:6)
	at com.example.PotenciaRecursiva.potencia(PotenciaRecursiva.java:6)
	at com.example.PotenciaRecursiva.potencia(PotenciaRecursiva.java:6)
	at com.example.PotenciaRecursiva.potencia(PotenciaRecursiva.java:6)
	at com.example.PotenciaRecursiva.potencia(PotenciaRecursiva.java:6)
	at com.example.PotenciaRecursiva.potencia(PotenciaRecursiva.java:6)
	at com.example.PotenciaRecursiva.potencia(PotenciaRecursiva.java:6)
	at com.example.PotenciaRecursiva.potencia(PotenciaRecursiva.java:6)
	at com.example.PotenciaRecursiva.potencia(PotenciaRecursiva.java:6)
	at com.example.PotenciaRecursiva.potencia(PotenciaRecursiva.java:6)
	at com.example.PotenciaRecursiva.potencia(PotenciaRecursiva.java:6)
	at com.example.PotenciaRecursiva.potencia(PotenciaRecursiva.java:6)
	at com.example.PotenciaRecursiva.potencia(PotenciaRecursiva.java:6)
	at com.example.PotenciaRecursiva.potencia(PotenciaRecursiva.java:6)
	at com.example.PotenciaRecursiva.potencia(PotenciaRecursiva.java:6)
	at com.example.PotenciaRecursiva.potencia(PotenciaRecursiva.java:6)
	at com.example.PotenciaRecursiva.potencia(PotenciaRecursiva.java:6)
	at com.example.PotenciaRecursiva.potencia(PotenciaRecursiva.java:6)
	at com.example.PotenciaRecursiva.potencia(PotenciaRecursiva.java:6)
	at com.example.PotenciaRecursiva.potencia(PotenciaRecursiva.java:6)
	at com.example.PotenciaRecursiva.potencia(PotenciaRecursiva.java:6)
	at com.example.PotenciaRecursiva.potencia(PotenciaRecursiva.java:6)
	at com.example.PotenciaRecursiva.potencia(PotenciaRecursiva.java:6)
	at com.example.PotenciaRecursiva.potencia(PotenciaRecursiva.java:6)
	at com.example.PotenciaRecursiva.potencia(PotenciaRecursiva.java:6)
	at com.example.PotenciaRecursiva.potencia(PotenciaRecursiva.java:6)
	at com.example.PotenciaRecursiva.potencia(PotenciaRecursiva.java:6)
	at com.example.PotenciaRecursiva.potencia(PotenciaRecursiva.java:6)
	at com.example.PotenciaRecursiva.potencia(PotenciaRecursiva.java:6)
	at com.example.PotenciaRecursiva.potencia(PotenciaRecursiva.java:6)
	at com.example.PotenciaRecursiva.potencia(PotenciaRecursiva.java:6)
	at com.example.PotenciaRecursiva.potencia(PotenciaRecursiva.java:6)
	at com.example.PotenciaRecursiva.potencia(PotenciaRecursiva.java:6)
	at com.example.PotenciaRecursiva.potencia(PotenciaRecursiva.java:6)
	at com.example.PotenciaRecursiva.potencia(PotenciaRecursiva.java:6)
	at com.example.PotenciaRecursiva.potencia(PotenciaRecursiva.java:6)
	at com.example.PotenciaRecursiva.potencia(PotenciaRecursiva.java:6)
	at com.example.PotenciaRecursiva.potencia(PotenciaRecursiva.java:6)
	at com.example.PotenciaRecursiva.potencia(PotenciaRecursiva.java:6)
	at com.example.PotenciaRecursiva.potencia(PotenciaRecursiva.java:6)
	at com.example.PotenciaRecursiva.potencia(PotenciaRecursiva.java:6)
	at com.example.PotenciaRecursiva.potencia(PotenciaRecursiva.java:6)
	at com.example.PotenciaRecursiva.potencia(PotenciaRecursiva.java:6)
	at com.example.PotenciaRecursiva.potencia(PotenciaRecursiva.java:6)
	at com.example.PotenciaRecursiva.potencia(PotenciaRecursiva.java:6)
	at com.example.PotenciaRecursiva.potencia(PotenciaRecursiva.java:6)
	at com.example.PotenciaRecursiva.potencia(PotenciaRecursiva.java:6)
	at com.example.PotenciaRecursiva.potencia(PotenciaRecursiva.java:6)
	at com.example.PotenciaRecursiva.potencia(PotenciaRecursiva.java:6)
	at com.example.PotenciaRecursiva.potencia(PotenciaRecursiva.java:6)
	at com.example.PotenciaRecursiva.potencia(PotenciaRecursiva.java:6)
	at com.example.PotenciaRecursiva.potencia(PotenciaRecursiva.java:6)
	at com.example.PotenciaRecursiva.potencia(PotenciaRecursiva.java:6)
	at com.example.PotenciaRecursiva.potencia(PotenciaRecursiva.java:6)
	at com.example.PotenciaRecursiva.potencia(PotenciaRecursiva.java:6)
	at com.example.PotenciaRecursiva.potencia(PotenciaRecursiva.java:6)
	at com.example.PotenciaRecursiva.potencia(PotenciaRecursiva.java:6)
	at com.example.PotenciaRecursiva.potencia(PotenciaRecursiva.java:6)
	at com.example.PotenciaRecursiva.potencia(PotenciaRecursiva.java:6)
	at com.example.PotenciaRecursiva.potencia(PotenciaRecursiva.java:6)
	at com.example.PotenciaRecursiva.potencia(PotenciaRecursiva.java:6)
	at com.example.PotenciaRecursiva.potencia(PotenciaRecursiva.java:6)
	at com.example.PotenciaRecursiva.potencia(PotenciaRecursiva.java:6)
	at com.example.PotenciaRecursiva.potencia(PotenciaRecursiva.java:6)
	at com.example.PotenciaRecursiva.potencia(PotenciaRecursiva.java:6)
	at com.example.PotenciaRecursiva.potencia(PotenciaRecursiva.java:6)
	at com.example.PotenciaRecursiva.potencia(PotenciaRecursiva.java:6)
	at com.example.PotenciaRecursiva.potencia(PotenciaRecursiva.java:6)
	at com.example.PotenciaRecursiva.potencia(PotenciaRecursiva.java:6)
	at com.example.PotenciaRecursiva.potencia(PotenciaRecursiva.java:6)
	at com.example.PotenciaRecursiva.potencia(PotenciaRecursiva.java:6)
	at com.example.PotenciaRecursiva.potencia(PotenciaRecursiva.java:6)
	at com.example.PotenciaRecursiva.potencia(PotenciaRecursiva.java:6)
	at com.example.PotenciaRecursiva.potencia(PotenciaRecursiva.java:6)
	at com.example.PotenciaRecursiva.potencia(PotenciaRecursiva.java:6)
	at com.example.PotenciaRecursiva.potencia(PotenciaRecursiva.java:6)
	at com.example.PotenciaRecursiva.potencia(PotenciaRecursiva.java:6)
	at com.example.PotenciaRecursiva.potencia(PotenciaRecursiva.java:6)
	at com.example.PotenciaRecursiva.potencia(PotenciaRecursiva.java:6)
	at com.example.PotenciaRecursiva.potencia(PotenciaRecursiva.java:6)
	at com.example.PotenciaRecursiva.potencia(PotenciaRecursiva.java:6)
	at com.example.PotenciaRecursiva.potencia(PotenciaRecursiva.java:6)
	at com.example.PotenciaRecursiva.potencia(PotenciaRecursiva.java:6)
	at com.example.PotenciaRecursiva.potencia(PotenciaRecursiva.java:6)
	at com.example.PotenciaRecursiva.potencia(PotenciaRecursiva.java:6)
	at com.example.PotenciaRecursiva.potencia(PotenciaRecursiva.java:6)
	at com.example.PotenciaRecursiva.potencia(PotenciaRecursiva.java:6)
	at com.example.PotenciaRecursiva.potencia(PotenciaRecursiva.java:6)
	at com.example.PotenciaRecursiva.potencia(PotenciaRecursiva.java:6)
	at com.example.PotenciaRecursiva.potencia(PotenciaRecursiva.java:6)
	at com.example.PotenciaRecursiva.potencia(PotenciaRecursiva.java:6)
	at com.example.PotenciaRecursiva.potencia(PotenciaRecursiva.java:6)
	at com.example.PotenciaRecursiva.potencia(PotenciaRecursiva.java:6)
	at com.example.PotenciaRecursiva.potencia(PotenciaRecursiva.java:6)
	at com.example.PotenciaRecursiva.potencia(PotenciaRecursiva.java:6)
	at com.example.PotenciaRecursiva.potencia(PotenciaRecursiva.java:6)
	at com.example.PotenciaRecursiva.potencia(PotenciaRecursiva.java:6)
	at com.example.PotenciaRecursiva.potencia(PotenciaRecursiva.java:6)
	at com.example.PotenciaRecursiva.potencia(PotenciaRecursiva.java:6)
	at com.example.PotenciaRecursiva.potencia(PotenciaRecursiva.java:6)
	at com.example.PotenciaRecursiva.potencia(PotenciaRecursiva.java:6)
	at com.example.PotenciaRecursiva.potencia(PotenciaRecursiva.java:6)
	at com.example.PotenciaRecursiva.potencia(PotenciaRecursiva.java:6)
	at com.example.PotenciaRecursiva.potencia(PotenciaRecursiva.java:6)
	at com.example.PotenciaRecursiva.potencia(PotenciaRecursiva.java:6)
	at com.example.PotenciaRecursiva.potencia(PotenciaRecursiva.java:6)
	at com.example.PotenciaRecursiva.potencia(PotenciaRecursiva.java:6)
	at com.example.PotenciaRecursiva.potencia(PotenciaRecursiva.java:6)
	at com.example.PotenciaRecursiva.potencia(PotenciaRecursiva.java:6)
	at com.example.PotenciaRecursiva.potencia(PotenciaRecursiva.java:6)
	at com.example.PotenciaRecursiva.potencia(PotenciaRecursiva.java:6)
	at com.example.PotenciaRecursiva.potencia(PotenciaRecursiva.java:6)
	at com.example.PotenciaRecursiva.potencia(PotenciaRecursiva.java:6)
	at com.example.PotenciaRecursiva.potencia(PotenciaRecursiva.java:6)
	at com.example.PotenciaRecursiva.potencia(PotenciaRecursiva.java:6)
	at com.example.PotenciaRecursiva.potencia(PotenciaRecursiva.java:6)
	at com.example.PotenciaRecursiva.potencia(PotenciaRecursiva.java:6)
	at com.example.PotenciaRecursiva.potencia(PotenciaRecursiva.java:6)
	at com.example.PotenciaRecursiva.potencia(PotenciaRecursiva.java:6)
	at com.example.PotenciaRecursiva.potencia(PotenciaRecursiva.java:6)
	at com.example.PotenciaRecursiva.potencia(PotenciaRecursiva.java:6)
	at com.example.PotenciaRecursiva.potencia(PotenciaRecursiva.java:6)
	at com.example.PotenciaRecursiva.potencia(PotenciaRecursiva.java:6)
	at com.example.PotenciaRecursiva.potencia(PotenciaRecursiva.java:6)
	at com.example.PotenciaRecursiva.potencia(PotenciaRecursiva.java:6)
	at com.example.PotenciaRecursiva.potencia(PotenciaRecursiva.java:6)
	at com.example.PotenciaRecursiva.potencia(PotenciaRecursiva.java:6)
	at com.example.PotenciaRecursiva.potencia(PotenciaRecursiva.java:6)
	at com.example.PotenciaRecursiva.potencia(PotenciaRecursiva.java:6)
	at com.example.PotenciaRecursiva.potencia(PotenciaRecursiva.java:6)
	at com.example.PotenciaRecursiva.potencia(PotenciaRecursiva.java:6)
	at com.example.PotenciaRecursiva.potencia(PotenciaRecursiva.java:6)
	at com.example.PotenciaRecursiva.potencia(PotenciaRecursiva.java:6)
	at com.example.PotenciaRecursiva.potencia(PotenciaRecursiva.java:6)
	at com.example.PotenciaRecursiva.potencia(PotenciaRecursiva.java:6)
	at com.example.PotenciaRecursiva.potencia(PotenciaRecursiva.java:6)
	at com.example.PotenciaRecursiva.potencia(PotenciaRecursiva.java:6)
	at com.example.PotenciaRecursiva.potencia(PotenciaRecursiva.java:6)
	at com.example.PotenciaRecursiva.potencia(PotenciaRecursiva.java:6)
	at com.example.PotenciaRecursiva.potencia(PotenciaRecursiva.java:6)
	at com.example.PotenciaRecursiva.potencia(PotenciaRecursiva.java:6)
	at com.example.PotenciaRecursiva.potencia(PotenciaRecursiva.java:6)
	at com.example.PotenciaRecursiva.potencia(PotenciaRecursiva.java:6)
	at com.example.PotenciaRecursiva.potencia(PotenciaRecursiva.java:6)
	at com.example.PotenciaRecursiva.potencia(PotenciaRecursiva.java:6)
	at com.example.PotenciaRecursiva.potencia(PotenciaRecursiva.java:6)
	at com.example.PotenciaRecursiva.potencia(PotenciaRecursiva.java:6)
	at com.example.PotenciaRecursiva.potencia(PotenciaRecursiva.java:6)
	at com.example.PotenciaRecursiva.potencia(PotenciaRecursiva.java:6)
	at com.example.PotenciaRecursiva.potencia(PotenciaRecursiva.java:6)
	at com.example.PotenciaRecursiva.potencia(PotenciaRecursiva.java:6)
	at com.example.PotenciaRecursiva.potencia(PotenciaRecursiva.java:6)
	at com.example.PotenciaRecursiva.potencia(PotenciaRecursiva.java:6)
	at com.example.PotenciaRecursiva.potencia(PotenciaRecursiva.java:6)
	at com.example.PotenciaRecursiva.potencia(PotenciaRecursiva.java:6)
	at com.example.PotenciaRecursiva.potencia(PotenciaRecursiva.java:6)
	at com.example.PotenciaRecursiva.potencia(PotenciaRecursiva.java:6)
	at com.example.PotenciaRecursiva.potencia(PotenciaRecursiva.java:6)
	at com.example.PotenciaRecursiva.potencia(PotenciaRecursiva.java:6)
	at com.example.PotenciaRecursiva.potencia(PotenciaRecursiva.java:6)
	at com.example.PotenciaRecursiva.potencia(PotenciaRecursiva.java:6)
	at com.example.PotenciaRecursiva.potencia(PotenciaRecursiva.java:6)
	at com.example.PotenciaRecursiva.potencia(PotenciaRecursiva.java:6)
	at com.example.PotenciaRecursiva.potencia(PotenciaRecursiva.java:6)
	at com.example.PotenciaRecursiva.potencia(PotenciaRecursiva.java:6)
	at com.example.PotenciaRecursiva.potencia(PotenciaRecursiva.java:6)
	at com.example.PotenciaRecursiva.potencia(PotenciaRecursiva.java:6)
	at com.example.PotenciaRecursiva.potencia(PotenciaRecursiva.java:6)
	at com.example.PotenciaRecursiva.potencia(PotenciaRecursiva.java:6)
	at com.example.PotenciaRecursiva.potencia(PotenciaRecursiva.java:6)
	at com.example.PotenciaRecursiva.potencia(PotenciaRecursiva.java:6)
	at com.example.PotenciaRecursiva.potencia(PotenciaRecursiva.java:6)
	at com.example.PotenciaRecursiva.potencia(PotenciaRecursiva.java:6)
	at com.example.PotenciaRecursiva.potencia(PotenciaRecursiva.java:6)
	at com.example.PotenciaRecursiva.potencia(PotenciaRecursiva.java:6)
	at com.example.PotenciaRecursiva.potencia(PotenciaRecursiva.java:6)
	at com.example.PotenciaRecursiva.potencia(PotenciaRecursiva.java:6)
	at com.example.PotenciaRecursiva.potencia(PotenciaRecursiva.java:6)
	at com.example.PotenciaRecursiva.potencia(PotenciaRecursiva.java:6)
	at com.example.PotenciaRecursiva.potencia(PotenciaRecursiva.java:6)
	at com.example.PotenciaRecursiva.potencia(PotenciaRecursiva.java:6)
	at com.example.PotenciaRecursiva.potencia(PotenciaRecursiva.java:6)
	at com.example.PotenciaRecursiva.potencia(PotenciaRecursiva.java:6)
	at com.example.PotenciaRecursiva.potencia(PotenciaRecursiva.java:6)
	at com.example.PotenciaRecursiva.potencia(PotenciaRecursiva.java:6)
	at com.example.PotenciaRecursiva.potencia(PotenciaRecursiva.java:6)
	at com.example.PotenciaRecursiva.potencia(PotenciaRecursiva.java:6)
	at com.example.PotenciaRecursiva.potencia(PotenciaRecursiva.java:6)
	at com.example.PotenciaRecursiva.potencia(PotenciaRecursiva.java:6)
	at com.example.PotenciaRecursiva.potencia(PotenciaRecursiva.java:6)
	at com.example.PotenciaRecursiva.potencia(PotenciaRecursiva.java:6)
	at com.example.PotenciaRecursiva.potencia(PotenciaRecursiva.java:6)
	at com.example.PotenciaRecursiva.potencia(PotenciaRecursiva.java:6)
	at com.example.PotenciaRecursiva.potencia(PotenciaRecursiva.java:6)
	at com.example.PotenciaRecursiva.potencia(PotenciaRecursiva.java:6)
	at com.example.PotenciaRecursiva.potencia(PotenciaRecursiva.java:6)
	at com.example.PotenciaRecursiva.potencia(PotenciaRecursiva.java:6)
	at com.example.PotenciaRecursiva.potencia(PotenciaRecursiva.java:6)
	at com.example.PotenciaRecursiva.potencia(PotenciaRecursiva.java:6)
	at com.example.PotenciaRecursiva.potencia(PotenciaRecursiva.java:6)
	at com.example.PotenciaRecursiva.potencia(PotenciaRecursiva.java:6)
	at com.example.PotenciaRecursiva.potencia(PotenciaRecursiva.java:6)
	at com.example.PotenciaRecursiva.potencia(PotenciaRecursiva.java:6)
	at com.example.PotenciaRecursiva.potencia(PotenciaRecursiva.java:6)
	at com.example.PotenciaRecursiva.potencia(PotenciaRecursiva.java:6)
	at com.example.PotenciaRecursiva.potencia(PotenciaRecursiva.java:6)
	at com.example.PotenciaRecursiva.potencia(PotenciaRecursiva.java:6)
	at com.example.PotenciaRecursiva.potencia(PotenciaRecursiva.java:6)
	at com.example.PotenciaRecursiva.potencia(PotenciaRecursiva.java:6)
	at com.example.PotenciaRecursiva.potencia(PotenciaRecursiva.java:6)
	at com.example.PotenciaRecursiva.potencia(PotenciaRecursiva.java:6)
	at com.example.PotenciaRecursiva.potencia(PotenciaRecursiva.java:6)
	at com.example.PotenciaRecursiva.potencia(PotenciaRecursiva.java:6)
	at com.example.PotenciaRecursiva.potencia(PotenciaRecursiva.java:6)
	at com.example.PotenciaRecursiva.potencia(PotenciaRecursiva.java:6)
	at com.example.PotenciaRecursiva.potencia(PotenciaRecursiva.java:6)
	at com.example.PotenciaRecursiva.potencia(PotenciaRecursiva.java:6)
	at com.example.PotenciaRecursiva.potencia(PotenciaRecursiva.java:6)
	at com.example.PotenciaRecursiva.potencia(PotenciaRecursiva.java:6)
	at com.example.PotenciaRecursiva.potencia(PotenciaRecursiva.java:6)
	at com.example.PotenciaRecursiva.potencia(PotenciaRecursiva.java:6)
	at com.example.PotenciaRecursiva.potencia(PotenciaRecursiva.java:6)
	at com.example.PotenciaRecursiva.potencia(PotenciaRecursiva.java:6)
	at com.example.PotenciaRecursiva.potencia(PotenciaRecursiva.java:6)
	at com.example.PotenciaRecursiva.potencia(PotenciaRecursiva.java:6)
	at com.example.PotenciaRecursiva.potencia(PotenciaRecursiva.java:6)
	at com.example.PotenciaRecursiva.potencia(PotenciaRecursiva.java:6)
	at com.example.PotenciaRecursiva.potencia(PotenciaRecursiva.java:6)
	at com.example.PotenciaRecursiva.potencia(PotenciaRecursiva.java:6)
	at com.example.PotenciaRecursiva.potencia(PotenciaRecursiva.java:6)
	at com.example.PotenciaRecursiva.potencia(PotenciaRecursiva.java:6)
	at com.example.PotenciaRecursiva.potencia(PotenciaRecursiva.java:6)
	at com.example.PotenciaRecursiva.potencia(PotenciaRecursiva.java:6)
	at com.example.PotenciaRecursiva.potencia(PotenciaRecursiva.java:6)
	at com.example.PotenciaRecursiva.potencia(PotenciaRecursiva.java:6)
	at com.example.PotenciaRecursiva.potencia(PotenciaRecursiva.java:6)
	at com.example.PotenciaRecursiva.potencia(PotenciaRecursiva.java:6)
	at com.example.PotenciaRecursiva.potencia(PotenciaRecursiva.java:6)
	at com.example.PotenciaRecursiva.potencia(PotenciaRecursiva.java:6)
	at com.example.PotenciaRecursiva.potencia(PotenciaRecursiva.java:6)
	at com.example.PotenciaRecursiva.potencia(PotenciaRecursiva.java:6)
	at com.example.PotenciaRecursiva.potencia(PotenciaRecursiva.java:6)
	at com.example.PotenciaRecursiva.potencia(PotenciaRecursiva.java:6)
	at com.example.PotenciaRecursiva.potencia(PotenciaRecursiva.java:6)
	at com.example.PotenciaRecursiva.potencia(PotenciaRecursiva.java:6)
	at com.example.PotenciaRecursiva.potencia(PotenciaRecursiva.java:6)
	at com.example.PotenciaRecursiva.potencia(PotenciaRecursiva.java:6)
	at com.example.PotenciaRecursiva.potencia(PotenciaRecursiva.java:6)
	at com.example.PotenciaRecursiva.potencia(PotenciaRecursiva.java:6)
	at com.example.PotenciaRecursiva.potencia(PotenciaRecursiva.java:6)
	at com.example.PotenciaRecursiva.potencia(PotenciaRecursiva.java:6)
	at com.example.PotenciaRecursiva.potencia(PotenciaRecursiva.java:6)
	at com.example.PotenciaRecursiva.potencia(PotenciaRecursiva.java:6)
	at com.example.PotenciaRecursiva.potencia(PotenciaRecursiva.java:6)
	at com.example.PotenciaRecursiva.potencia(PotenciaRecursiva.java:6)
	at com.example.PotenciaRecursiva.potencia(PotenciaRecursiva.java:6)
	at com.example.PotenciaRecursiva.potencia(PotenciaRecursiva.java:6)
	at com.example.PotenciaRecursiva.potencia(PotenciaRecursiva.java:6)
	at com.example.PotenciaRecursiva.potencia(PotenciaRecursiva.java:6)
	at com.example.PotenciaRecursiva.potencia(PotenciaRecursiva.java:6)
	at com.example.PotenciaRecursiva.potencia(PotenciaRecursiva.java:6)
	at com.example.PotenciaRecursiva.potencia(PotenciaRecursiva.java:6)
	at com.example.PotenciaRecursiva.potencia(PotenciaRecursiva.java:6)
	at com.example.PotenciaRecursiva.potencia(PotenciaRecursiva.java:6)
	at com.example.PotenciaRecursiva.potencia(PotenciaRecursiva.java:6)
	at com.example.PotenciaRecursiva.potencia(PotenciaRecursiva.java:6)
	at com.example.PotenciaRecursiva.potencia(PotenciaRecursiva.java:6)
	at com.example.PotenciaRecursiva.potencia(PotenciaRecursiva.java:6)
	at com.example.PotenciaRecursiva.potencia(PotenciaRecursiva.java:6)
	at com.example.PotenciaRecursiva.potencia(PotenciaRecursiva.java:6)
	at com.example.PotenciaRecursiva.potencia(PotenciaRecursiva.java:6)
	at com.example.PotenciaRecursiva.potencia(PotenciaRecursiva.java:6)
	at com.example.PotenciaRecursiva.potencia(PotenciaRecursiva.java:6)
	at com.example.PotenciaRecursiva.potencia(PotenciaRecursiva.java:6)
	at com.example.PotenciaRecursiva.potencia(PotenciaRecursiva.java:6)
	at com.example.PotenciaRecursiva.potencia(PotenciaRecursiva.java:6)
	at com.example.PotenciaRecursiva.potencia(PotenciaRecursiva.java:6)
	at com.example.PotenciaRecursiva.potencia(PotenciaRecursiva.java:6)
	at com.example.PotenciaRecursiva.potencia(PotenciaRecursiva.java:6)
	at com.example.PotenciaRecursiva.potencia(PotenciaRecursiva.java:6)
	at com.example.PotenciaRecursiva.potencia(PotenciaRecursiva.java:6)
	at com.example.PotenciaRecursiva.potencia(PotenciaRecursiva.java:6)
	at com.example.PotenciaRecursiva.potencia(PotenciaRecursiva.java:6)
	at com.example.PotenciaRecursiva.potencia(PotenciaRecursiva.java:6)
	at com.example.PotenciaRecursiva.potencia(PotenciaRecursiva.java:6)
	at com.example.PotenciaRecursiva.potencia(PotenciaRecursiva.java:6)
	at com.example.PotenciaRecursiva.potencia(PotenciaRecursiva.java:6)
	at com.example.PotenciaRecursiva.potencia(PotenciaRecursiva.java:6)
	at com.example.PotenciaRecursiva.potencia(PotenciaRecursiva.java:6)
	at com.example.PotenciaRecursiva.potencia(PotenciaRecursiva.java:6)
	at com.example.PotenciaRecursiva.potencia(PotenciaRecursiva.java:6)
	at com.example.PotenciaRecursiva.potencia(PotenciaRecursiva.java:6)
	at com.example.PotenciaRecursiva.potencia(PotenciaRecursiva.java:6)
	at com.example.PotenciaRecursiva.potencia(PotenciaRecursiva.java:6)
	at com.example.PotenciaRecursiva.potencia(PotenciaRecursiva.java:6)
	at com.example.PotenciaRecursiva.potencia(PotenciaRecursiva.java:6)
	at com.example.PotenciaRecursiva.potencia(PotenciaRecursiva.java:6)
	at com.example.PotenciaRecursiva.potencia(PotenciaRecursiva.java:6)
	at com.example.PotenciaRecursiva.potencia(PotenciaRecursiva.java:6)
	at com.example.PotenciaRecursiva.potencia(PotenciaRecursiva.java:6)
	at com.example.PotenciaRecursiva.potencia(PotenciaRecursiva.java:6)
	at com.example.PotenciaRecursiva.potencia(PotenciaRecursiva.java:6)
	at com.example.PotenciaRecursiva.potencia(PotenciaRecursiva.java:6)
	at com.example.PotenciaRecursiva.potencia(PotenciaRecursiva.java:6)
	at com.example.PotenciaRecursiva.potencia(PotenciaRecursiva.java:6)
	at com.example.PotenciaRecursiva.potencia(PotenciaRecursiva.java:6)
	at com.example.PotenciaRecursiva.potencia(PotenciaRecursiva.java:6)
	at com.example.PotenciaRecursiva.potencia(PotenciaRecursiva.java:6)
	at com.example.PotenciaRecursiva.potencia(PotenciaRecursiva.java:6)
	at com.example.PotenciaRecursiva.potencia(PotenciaRecursiva.java:6)
	at com.example.PotenciaRecursiva.potencia(PotenciaRecursiva.java:6)
	at com.example.PotenciaRecursiva.potencia(PotenciaRecursiva.java:6)
	at com.example.PotenciaRecursiva.potencia(PotenciaRecursiva.java:6)
	at com.example.PotenciaRecursiva.potencia(PotenciaRecursiva.java:6)
	at com.example.PotenciaRecursiva.potencia(PotenciaRecursiva.java:6)
]]></error>
  </testcase>
  <testcase name="testPotenciaExponenteCero" classname="com.example.PotenciaRecursivaTest" time="0.001"/>
  <testcase name="testPotenciaPositiva" classname="com.example.PotenciaRecursivaTest" time="0.0"/>
</testsuite>